                 :-) GROMACS - gmx mdrun, 2021-plumed-2.7.4 (-:

                            GROMACS is written by:
     Andrey Alekseenko              Emile Apol              Rossen Apostolov     
         Paul Bauer           Herman J.C. Berendsen           Par Bjelkmar       
       Christian Blau           Viacheslav Bolnykh             Kevin Boyd        
     Aldert van Buuren           Rudi van Drunen             Anton Feenstra      
    Gilles Gouaillardet             Alan Gray               Gerrit Groenhof      
       Anca Hamuraru            Vincent Hindriksen          M. Eric Irrgang      
      Aleksei Iupinov           Christoph Junghans             Joe Jordan        
    Dimitrios Karkoulis            Peter Kasson                Jiri Kraus        
      Carsten Kutzner              Per Larsson              Justin A. Lemkul     
       Viveca Lindahl            Magnus Lundborg             Erik Marklund       
        Pascal Merz             Pieter Meulenhoff            Teemu Murtola       
        Szilard Pall               Sander Pronk              Roland Schulz       
       Michael Shirts            Alexey Shvetsov             Alfons Sijbers      
       Peter Tieleman              Jon Vincent              Teemu Virolainen     
     Christian Wennberg            Maarten Wolf              Artem Zhmurov       
                           and the project leaders:
        Mark Abraham, Berk Hess, Erik Lindahl, and David van der Spoel

Copyright (c) 1991-2000, University of Groningen, The Netherlands.
Copyright (c) 2001-2019, The GROMACS development team at
Uppsala University, Stockholm University and
the Royal Institute of Technology, Sweden.
check out http://www.gromacs.org for more information.

GROMACS is free software; you can redistribute it and/or modify it
under the terms of the GNU Lesser General Public License
as published by the Free Software Foundation; either version 2.1
of the License, or (at your option) any later version.

GROMACS:      gmx mdrun, version 2021-plumed-2.7.4
Executable:   /usr/local/gromacs/bin/gmx
Data prefix:  /usr/local/gromacs
Working dir:  /home/naval/Research/water-2
Process ID:   55800
Command line:
  gmx mdrun -v -deffnm md_0_1 -plumed plumed.dat

GROMACS version:    2021-plumed-2.7.4
Precision:          mixed
Memory model:       64 bit
MPI library:        thread_mpi
OpenMP support:     enabled (GMX_OPENMP_MAX_THREADS = 64)
GPU support:        OpenCL
SIMD instructions:  AVX2_128
FFT library:        fftw-3.3.8-sse2-avx-avx2-avx2_128
RDTSCP usage:       enabled
TNG support:        enabled
Hwloc support:      disabled
Tracing support:    disabled
C compiler:         /usr/bin/cc GNU 9.4.0
C compiler flags:   -mavx2 -mfma -Wno-missing-field-initializers -fexcess-precision=fast -funroll-all-loops -O3 -DNDEBUG
C++ compiler:       /usr/bin/c++ GNU 9.4.0
C++ compiler flags: -mavx2 -mfma -Wno-missing-field-initializers -fexcess-precision=fast -funroll-all-loops -fopenmp -O3 -DNDEBUG
OpenCL include dir: /usr/include
OpenCL library:     /usr/lib/x86_64-linux-gnu/libOpenCL.so
OpenCL version:     2.2


Running on 1 node with total 4 cores, 8 logical cores, 0 compatible GPUs
Hardware detected:
  CPU info:
    Vendor: AMD
    Brand:  AMD Ryzen 7 3750H with Radeon Vega Mobile Gfx  
    Family: 23   Model: 24   Stepping: 1
    Features: aes amd apic avx avx2 clfsh cmov cx8 cx16 f16c fma htt lahf misalignsse mmx msr nonstop_tsc pclmuldq pdpe1gb popcnt pse rdrnd rdtscp sha sse2 sse3 sse4a sse4.1 sse4.2 ssse3
  Hardware topology: Basic
    Sockets, cores, and logical processors:
      Socket  0: [   0   1] [   2   3] [   4   5] [   6   7]
  GPU info:
    Number of GPUs detected: 2
    #0: name: Radeon RX 5500M (NAVI14, DRM 3.44.0, 5.4.0-91-generic, LLVM 12.0.0), vendor: AMD, device version: OpenCL 1.1 Mesa 21.2.6, status: incompatible
    #1: name: AMD RAVEN (DRM 3.44.0, 5.4.0-91-generic, LLVM 12.0.0), vendor: AMD, device version: OpenCL 1.1 Mesa 21.2.6, status: incompatible


++++ PLEASE READ AND CITE THE FOLLOWING REFERENCE ++++
M. J. Abraham, T. Murtola, R. Schulz, S. Páll, J. C. Smith, B. Hess, E.
Lindahl
GROMACS: High performance molecular simulations through multi-level
parallelism from laptops to supercomputers
SoftwareX 1 (2015) pp. 19-25
-------- -------- --- Thank You --- -------- --------


++++ PLEASE READ AND CITE THE FOLLOWING REFERENCE ++++
S. Páll, M. J. Abraham, C. Kutzner, B. Hess, E. Lindahl
Tackling Exascale Software Challenges in Molecular Dynamics Simulations with
GROMACS
In S. Markidis & E. Laure (Eds.), Solving Software Challenges for Exascale 8759 (2015) pp. 3-27
-------- -------- --- Thank You --- -------- --------


++++ PLEASE READ AND CITE THE FOLLOWING REFERENCE ++++
S. Pronk, S. Páll, R. Schulz, P. Larsson, P. Bjelkmar, R. Apostolov, M. R.
Shirts, J. C. Smith, P. M. Kasson, D. van der Spoel, B. Hess, and E. Lindahl
GROMACS 4.5: a high-throughput and highly parallel open source molecular
simulation toolkit
Bioinformatics 29 (2013) pp. 845-54
-------- -------- --- Thank You --- -------- --------


++++ PLEASE READ AND CITE THE FOLLOWING REFERENCE ++++
B. Hess and C. Kutzner and D. van der Spoel and E. Lindahl
GROMACS 4: Algorithms for highly efficient, load-balanced, and scalable
molecular simulation
J. Chem. Theory Comput. 4 (2008) pp. 435-447
-------- -------- --- Thank You --- -------- --------


++++ PLEASE READ AND CITE THE FOLLOWING REFERENCE ++++
D. van der Spoel, E. Lindahl, B. Hess, G. Groenhof, A. E. Mark and H. J. C.
Berendsen
GROMACS: Fast, Flexible and Free
J. Comp. Chem. 26 (2005) pp. 1701-1719
-------- -------- --- Thank You --- -------- --------


++++ PLEASE READ AND CITE THE FOLLOWING REFERENCE ++++
E. Lindahl and B. Hess and D. van der Spoel
GROMACS 3.0: A package for molecular simulation and trajectory analysis
J. Mol. Mod. 7 (2001) pp. 306-317
-------- -------- --- Thank You --- -------- --------


++++ PLEASE READ AND CITE THE FOLLOWING REFERENCE ++++
H. J. C. Berendsen, D. van der Spoel and R. van Drunen
GROMACS: A message-passing parallel molecular dynamics implementation
Comp. Phys. Comm. 91 (1995) pp. 43-56
-------- -------- --- Thank You --- -------- --------

Input Parameters:
   integrator                     = md
   tinit                          = 0
   dt                             = 0.002
   nsteps                         = 500000
   init-step                      = 0
   simulation-part                = 1
   mts                            = false
   comm-mode                      = Linear
   nstcomm                        = 100
   bd-fric                        = 0
   ld-seed                        = -612630931
   emtol                          = 10
   emstep                         = 0.01
   niter                          = 20
   fcstep                         = 0
   nstcgsteep                     = 1000
   nbfgscorr                      = 10
   rtpi                           = 0.05
   nstxout                        = 0
   nstvout                        = 0
   nstfout                        = 0
   nstlog                         = 5000
   nstcalcenergy                  = 100
   nstenergy                      = 5000
   nstxout-compressed             = 5000
   compressed-x-precision         = 1000
   cutoff-scheme                  = Verlet
   nstlist                        = 10
   pbc                            = xyz
   periodic-molecules             = false
   verlet-buffer-tolerance        = 0.005
   rlist                          = 1.001
   coulombtype                    = PME
   coulomb-modifier               = Potential-shift
   rcoulomb-switch                = 0
   rcoulomb                       = 1
   epsilon-r                      = 1
   epsilon-rf                     = inf
   vdw-type                       = Cut-off
   vdw-modifier                   = Potential-shift
   rvdw-switch                    = 0
   rvdw                           = 1
   DispCorr                       = EnerPres
   table-extension                = 1
   fourierspacing                 = 0.16
   fourier-nx                     = 32
   fourier-ny                     = 32
   fourier-nz                     = 32
   pme-order                      = 4
   ewald-rtol                     = 1e-05
   ewald-rtol-lj                  = 0.001
   lj-pme-comb-rule               = Geometric
   ewald-geometry                 = 0
   epsilon-surface                = 0
   tcoupl                         = V-rescale
   nsttcouple                     = 10
   nh-chain-length                = 0
   print-nose-hoover-chain-variables = false
   pcoupl                         = Parrinello-Rahman
   pcoupltype                     = Isotropic
   nstpcouple                     = 10
   tau-p                          = 2
   compressibility (3x3):
      compressibility[    0]={ 4.50000e-05,  0.00000e+00,  0.00000e+00}
      compressibility[    1]={ 0.00000e+00,  4.50000e-05,  0.00000e+00}
      compressibility[    2]={ 0.00000e+00,  0.00000e+00,  4.50000e-05}
   ref-p (3x3):
      ref-p[    0]={ 1.00000e+00,  0.00000e+00,  0.00000e+00}
      ref-p[    1]={ 0.00000e+00,  1.00000e+00,  0.00000e+00}
      ref-p[    2]={ 0.00000e+00,  0.00000e+00,  1.00000e+00}
   refcoord-scaling               = COM
   posres-com (3):
      posres-com[0]= 0.00000e+00
      posres-com[1]= 0.00000e+00
      posres-com[2]= 0.00000e+00
   posres-comB (3):
      posres-comB[0]= 0.00000e+00
      posres-comB[1]= 0.00000e+00
      posres-comB[2]= 0.00000e+00
   QMMM                           = false
qm-opts:
   ngQM                           = 0
   constraint-algorithm           = Lincs
   continuation                   = true
   Shake-SOR                      = false
   shake-tol                      = 0.0001
   lincs-order                    = 4
   lincs-iter                     = 1
   lincs-warnangle                = 30
   nwall                          = 0
   wall-type                      = 9-3
   wall-r-linpot                  = -1
   wall-atomtype[0]               = -1
   wall-atomtype[1]               = -1
   wall-density[0]                = 0
   wall-density[1]                = 0
   wall-ewald-zfac                = 3
   pull                           = false
   awh                            = false
   rotation                       = false
   interactiveMD                  = false
   disre                          = No
   disre-weighting                = Conservative
   disre-mixed                    = false
   dr-fc                          = 1000
   dr-tau                         = 0
   nstdisreout                    = 100
   orire-fc                       = 0
   orire-tau                      = 0
   nstorireout                    = 100
   free-energy                    = no
   cos-acceleration               = 0
   deform (3x3):
      deform[    0]={ 0.00000e+00,  0.00000e+00,  0.00000e+00}
      deform[    1]={ 0.00000e+00,  0.00000e+00,  0.00000e+00}
      deform[    2]={ 0.00000e+00,  0.00000e+00,  0.00000e+00}
   simulated-tempering            = false
   swapcoords                     = no
   userint1                       = 0
   userint2                       = 0
   userint3                       = 0
   userint4                       = 0
   userreal1                      = 0
   userreal2                      = 0
   userreal3                      = 0
   userreal4                      = 0
   applied-forces:
     electric-field:
       x:
         E0                       = 0
         omega                    = 0
         t0                       = 0
         sigma                    = 0
       y:
         E0                       = 0
         omega                    = 0
         t0                       = 0
         sigma                    = 0
       z:
         E0                       = 0
         omega                    = 0
         t0                       = 0
         sigma                    = 0
     density-guided-simulation:
       active                     = false
       group                      = protein
       similarity-measure         = inner-product
       atom-spreading-weight      = unity
       force-constant             = 1e+09
       gaussian-transform-spreading-width = 0.2
       gaussian-transform-spreading-range-in-multiples-of-width = 4
       reference-density-filename = reference.mrc
       nst                        = 1
       normalize-densities        = true
       adaptive-force-scaling     = false
       adaptive-force-scaling-time-constant = 4
       shift-vector               = 
       transformation-matrix      = 
grpopts:
   nrdf:       24831
   ref-t:         300
   tau-t:         0.1
annealing:          No
annealing-npoints:           0
   acc:	           0           0           0
   nfreeze:           N           N           N
   energygrp-flags[  0]: 0

Changing nstlist from 10 to 40, rlist from 1.001 to 1.1

Using 1 MPI thread
Using 8 OpenMP threads 

Pinning threads with an auto-selected logical core stride of 1
System total charge: 0.000
Will do PME sum in reciprocal space for electrostatic interactions.

++++ PLEASE READ AND CITE THE FOLLOWING REFERENCE ++++
U. Essmann, L. Perera, M. L. Berkowitz, T. Darden, H. Lee and L. G. Pedersen 
A smooth particle mesh Ewald method
J. Chem. Phys. 103 (1995) pp. 8577-8592
-------- -------- --- Thank You --- -------- --------

Using a Gaussian width (1/beta) of 0.320163 nm for Ewald
Potential shift: LJ r^-12: -1.000e+00 r^-6: -1.000e+00, Ewald -1.000e-05
Initialized non-bonded Ewald tables, spacing: 9.33e-04 size: 1073

Long Range LJ corr.: <C6> 1.7091e-04


Using SIMD 4x4 nonbonded short-range kernels

Using a dual 4x4 pair-list setup updated with dynamic pruning:
  outer list: updated every 40 steps, buffer 0.100 nm, rlist 1.100 nm
  inner list: updated every 10 steps, buffer 0.001 nm, rlist 1.001 nm
At tolerance 0.005 kJ/mol/ps per atom, equivalent classical 1x1 list would be:
  outer list: updated every 40 steps, buffer 0.214 nm, rlist 1.214 nm
  inner list: updated every 10 steps, buffer 0.038 nm, rlist 1.038 nm

Using geometric Lennard-Jones combination rule

++++ PLEASE READ AND CITE THE FOLLOWING REFERENCE ++++
S. Miyamoto and P. A. Kollman
SETTLE: An Analytical Version of the SHAKE and RATTLE Algorithms for Rigid
Water Models
J. Comp. Chem. 13 (1992) pp. 952-962
-------- -------- --- Thank You --- -------- --------


++++ PLEASE READ AND CITE THE FOLLOWING REFERENCE ++++
G. Bussi, D. Donadio and M. Parrinello
Canonical sampling through velocity rescaling
J. Chem. Phys. 126 (2007) pp. 014101
-------- -------- --- Thank You --- -------- --------

There are: 12417 Atoms
There are: 4139 VSites
Center of mass motion removal mode is Linear
We have the following groups for center of mass motion removal:
  0:  rest

PLUMED: PLUMED is starting
PLUMED: Version: 2.7.4 (git: Unknown) compiled on Jun 19 2022 at 23:45:41
PLUMED: Please cite these papers when using PLUMED [1][2]
PLUMED: For further information see the PLUMED web page at http://www.plumed.org
PLUMED: Root: /usr/local/lib/plumed
PLUMED: For installed feature, see /usr/local/lib/plumed/src/config/config.txt
PLUMED: Molecular dynamics engine: gromacs
PLUMED: Precision of reals: 4
PLUMED: Running over 1 node
PLUMED: Number of threads: 8
PLUMED: Cache line size: 512
PLUMED: Number of atoms: 16556
PLUMED: File suffix: 
PLUMED: FILE: plumed.dat
PLUMED: Action Q6
PLUMED:   with label q6
PLUMED:   Steinhardt parameter of central atom and those within 0.2.  Using rational switching function with parameters d0=1.3 nn=12 mm=24
PLUMED:   Bibliography [3]
PLUMED:   keyword SPECIES takes atoms : 1 2 3 4 5 6 7 8 9 10 11 12 13 14 15 16 17 18 19 20 
PLUMED:   added component to this action:  q6.mean 
PLUMED:   value q6.mean is obtained by taking the 1th component and finding the mean value
PLUMED: Action METAD
PLUMED:   with label restraint
PLUMED:   with arguments q6.mean
PLUMED:   added component to this action:  restraint.bias 
PLUMED:   Gaussian width  0.200000  Gaussian height 0.300000
PLUMED:   Gaussian deposition pace 500
PLUMED:   Gaussian file HILLS
PLUMED:   added component to this action:  restraint.work 
PLUMED:   Bibliography [4]
PLUMED: Action DUMPMULTICOLVAR
PLUMED:   with label @2
PLUMED:   with stride 100
PLUMED:   printing colvars calculated by action q6 
PLUMED:   file name q6.xyz
PLUMED:   printing atom positions in PLUMED units 
PLUMED: Action PRINT
PLUMED:   with label @3
PLUMED:   with stride 100
PLUMED:   with arguments restraint.bias
PLUMED:   on file COLVAR
PLUMED:   with format  %f
PLUMED: END FILE: plumed.dat
PLUMED: Timestep: 0.002000
PLUMED: KbT: 2.494339
PLUMED: Relevant bibliography:
PLUMED:   [1] The PLUMED consortium, Nat. Methods 16, 670 (2019)
PLUMED:   [2] Tribello, Bonomi, Branduardi, Camilloni, and Bussi, Comput. Phys. Commun. 185, 604 (2014)
PLUMED:   [3] Tribello, Giberti, Sosso, Salvalaglio and Parrinello, J. Chem. Theory Comput. 13, 1317 (2017)
PLUMED:   [4] Laio and Parrinello, PNAS 99, 12562 (2002)
PLUMED: Please read and cite where appropriate!
PLUMED: Finished setup
Started mdrun on rank 0 Thu Jun 23 02:51:26 2022

           Step           Time
              0        0.00000

   Energies (kJ/mol)
        LJ (SR)  Disper. corr.   Coulomb (SR)   Coul. recip.      Potential
    3.76743e+04   -1.58405e+03   -2.28835e+05    9.83487e+02   -1.91761e+05
    Kinetic En.   Total Energy  Conserved En.    Temperature Pres. DC (bar)
    3.13235e+04   -1.60438e+05   -1.60430e+05    3.03439e+02   -2.12717e+02
 Pressure (bar)
    3.94292e+02

           Step           Time
           5000       10.00000

   Energies (kJ/mol)
        LJ (SR)  Disper. corr.   Coulomb (SR)   Coul. recip.      Potential
    3.68291e+04   -1.57411e+03   -2.28202e+05    9.30585e+02   -1.92017e+05
    Kinetic En.   Total Energy  Conserved En.    Temperature Pres. DC (bar)
    3.09626e+04   -1.61054e+05   -1.60393e+05    2.99943e+02   -2.10059e+02
 Pressure (bar)
   -1.58923e+02



Received the INT signal, stopping within 40 steps

           Step           Time
           9800       19.60000

Writing checkpoint, step 9800 at Thu Jun 23 02:52:25 2022


   Energies (kJ/mol)
        LJ (SR)  Disper. corr.   Coulomb (SR)   Coul. recip.      Potential
    3.71177e+04   -1.57694e+03   -2.28469e+05    9.86606e+02   -1.91941e+05
    Kinetic En.   Total Energy  Conserved En.    Temperature Pres. DC (bar)
    3.08081e+04   -1.61133e+05   -1.60345e+05    2.98446e+02   -2.10815e+02
 Pressure (bar)
    2.25559e+01


Energy conservation over simulation part #1 of length 19.6 ns, time 0 to 19.6 ns
  Conserved energy drift: 2.62e-04 kJ/mol/ps per atom


	<======  ###############  ==>
	<====  A V E R A G E S  ====>
	<==  ###############  ======>

	Statistics over 9801 steps using 99 frames

   Energies (kJ/mol)
        LJ (SR)  Disper. corr.   Coulomb (SR)   Coul. recip.      Potential
    3.70002e+04   -1.57641e+03   -2.28170e+05    9.86675e+02   -1.91760e+05
    Kinetic En.   Total Energy  Conserved En.    Temperature Pres. DC (bar)
    3.10022e+04   -1.60758e+05   -1.60391e+05    3.00327e+02   -2.10674e+02
 Pressure (bar)
    2.29923e+01

          Box-X          Box-Y          Box-Z
    4.99155e+00    4.99155e+00    4.99155e+00

   Total Virial (kJ/mol)
    1.02600e+04   -1.72036e+01   -1.76590e+01
   -1.71956e+01    1.02464e+04   -1.38256e+02
   -1.74824e+01   -1.38130e+02    1.02424e+04

   Pressure (bar)
    1.90225e+01    3.37520e+00    1.77006e+00
    3.37304e+00    2.42491e+01    3.25796e+01
    1.72279e+00    3.25462e+01    2.57054e+01


	M E G A - F L O P S   A C C O U N T I N G

 NB=Group-cutoff nonbonded kernels    NxN=N-by-N cluster Verlet kernels
 RF=Reaction-Field  VdW=Van der Waals  QSTab=quadratic-spline table
 W3=SPC/TIP3p  W4=TIP4p (single or pairs)
 V&F=Potential and force  V=Potential only  F=Force only

 Computing:                               M-Number         M-Flops  % Flops
-----------------------------------------------------------------------------
 Pair Search distance check            1492.698016       13434.282     0.3
 NxN QSTab Elec. + LJ [F]             48296.624712     1980161.613    50.9
 NxN QSTab Elec. + LJ [V&F]             492.929392       29082.834     0.7
 NxN LJ [F]                             322.646736       10647.342     0.3
 NxN LJ [V&F]                             3.181200         136.792     0.0
 NxN QSTab Elec. [F]                  48248.644904     1640453.927    42.2
 NxN QSTab Elec. [V&F]                  492.449280       20190.420     0.5
 Calc Weights                           486.796068       17524.658     0.5
 Spread Q Bspline                     10384.982784       20769.966     0.5
 Gather F Bspline                     10384.982784       62309.897     1.6
 3D-FFT                                9634.755438       77078.044     2.0
 Solve PME                               10.036224         642.318     0.0
 Shift-X                                  4.072776          24.437     0.0
 Virial                                  16.285581         293.140     0.0
 Stop-CM                                  1.639044          16.390     0.0
 Calc-Ekin                               32.482872         877.038     0.0
 Constraint-V                           121.699017        1095.291     0.0
 Constraint-Vir                          12.181077         292.346     0.0
 Settle                                  40.566339       15009.545     0.4
 Virtual Site 3                          44.626698        1651.188     0.0
-----------------------------------------------------------------------------
 Total                                                 3891691.468   100.0
-----------------------------------------------------------------------------


     R E A L   C Y C L E   A N D   T I M E   A C C O U N T I N G

On 1 MPI rank, each using 8 OpenMP threads

 Computing:          Num   Num      Call    Wall time         Giga-Cycles
                     Ranks Threads  Count      (s)         total sum    %
-----------------------------------------------------------------------------
 Vsite constr.          1    8       9801       0.375          6.889   0.6
 Neighbor search        1    8        246       1.418         26.038   2.3
 Force                  1    8       9801      48.697        894.378  80.7
 PME mesh               1    8       9801       4.632         85.072   7.7
 NB X/F buffer ops.     1    8      19356       0.990         18.182   1.6
 Vsite spread           1    8      10782       0.223          4.098   0.4
 Write traj.            1    8          3       2.152         39.520   3.6
 Update                 1    8       9801       0.486          8.917   0.8
 Constraints            1    8       9801       0.311          5.704   0.5
 Rest                                           1.074         19.720   1.8
-----------------------------------------------------------------------------
 Total                                         60.357       1108.517 100.0
-----------------------------------------------------------------------------
 Breakdown of PME mesh computation
-----------------------------------------------------------------------------
 PME spread             1    8       9801       2.197         40.355   3.6
 PME gather             1    8       9801       1.430         26.266   2.4
 PME 3D-FFT             1    8      19602       0.789         14.489   1.3
 PME solve Elec         1    8       9801       0.161          2.961   0.3
-----------------------------------------------------------------------------

               Core t (s)   Wall t (s)        (%)
       Time:      482.851       60.357      800.0
                 (ns/day)    (hour/ns)
Performance:       28.060        0.855
Finished mdrun on rank 0 Thu Jun 23 02:52:27 2022

PLUMED:                                               Cycles        Total      Average      Minimum      Maximum
PLUMED:                                                    1     2.576654     2.576654     2.576654     2.576654
PLUMED: 1 Prepare dependencies                          9801     0.013334     0.000001     0.000001     0.000140
PLUMED: 2 Sharing data                                  9801     0.635785     0.000065     0.000042     0.072774
PLUMED: 3 Waiting for data                              9801     0.009087     0.000001     0.000001     0.000136
PLUMED: 4 Calculating (forward loop)                    9801     1.210188     0.000123     0.000086     0.015976
PLUMED: 5 Applying (backward loop)                      9801     0.320808     0.000033     0.000025     0.002778
PLUMED: 6 Update                                        9801     0.244317     0.000025     0.000001     0.157526
