                :-) GROMACS - gmx mdrun, 2021.4-plumed-2.8.0 (-:

                            GROMACS is written by:
     Andrey Alekseenko              Emile Apol              Rossen Apostolov     
         Paul Bauer           Herman J.C. Berendsen           Par Bjelkmar       
       Christian Blau           Viacheslav Bolnykh             Kevin Boyd        
     Aldert van Buuren           Rudi van Drunen             Anton Feenstra      
    Gilles Gouaillardet             Alan Gray               Gerrit Groenhof      
       Anca Hamuraru            Vincent Hindriksen          M. Eric Irrgang      
      Aleksei Iupinov           Christoph Junghans             Joe Jordan        
    Dimitrios Karkoulis            Peter Kasson                Jiri Kraus        
      Carsten Kutzner              Per Larsson              Justin A. Lemkul     
       Viveca Lindahl            Magnus Lundborg             Erik Marklund       
        Pascal Merz             Pieter Meulenhoff            Teemu Murtola       
        Szilard Pall               Sander Pronk              Roland Schulz       
       Michael Shirts            Alexey Shvetsov             Alfons Sijbers      
       Peter Tieleman              Jon Vincent              Teemu Virolainen     
     Christian Wennberg            Maarten Wolf              Artem Zhmurov       
                           and the project leaders:
        Mark Abraham, Berk Hess, Erik Lindahl, and David van der Spoel

Copyright (c) 1991-2000, University of Groningen, The Netherlands.
Copyright (c) 2001-2019, The GROMACS development team at
Uppsala University, Stockholm University and
the Royal Institute of Technology, Sweden.
check out http://www.gromacs.org for more information.

GROMACS is free software; you can redistribute it and/or modify it
under the terms of the GNU Lesser General Public License
as published by the Free Software Foundation; either version 2.1
of the License, or (at your option) any later version.

GROMACS:      gmx mdrun, version 2021.4-plumed-2.8.0
Executable:   /usr/local/gromacs/bin/gmx
Data prefix:  /usr/local/gromacs
Working dir:  /home/naval/Research/Lennard Jones
Process ID:   65890
Command line:
  gmx mdrun -s methane_npt.tpr -v -c methane_npt.gro

GROMACS version:    2021.4-plumed-2.8.0
Precision:          mixed
Memory model:       64 bit
MPI library:        thread_mpi
OpenMP support:     enabled (GMX_OPENMP_MAX_THREADS = 64)
GPU support:        disabled
SIMD instructions:  AVX2_128
FFT library:        fftw-3.3.8-sse2-avx-avx2-avx2_128
RDTSCP usage:       enabled
TNG support:        enabled
Hwloc support:      disabled
Tracing support:    disabled
C compiler:         /usr/bin/cc GNU 9.4.0
C compiler flags:   -mavx2 -mfma -Wno-missing-field-initializers -fexcess-precision=fast -funroll-all-loops -O3 -DNDEBUG
C++ compiler:       /usr/bin/c++ GNU 9.4.0
C++ compiler flags: -mavx2 -mfma -Wno-missing-field-initializers -fexcess-precision=fast -funroll-all-loops -fopenmp -O3 -DNDEBUG


Running on 1 node with total 4 cores, 8 logical cores
Hardware detected:
  CPU info:
    Vendor: AMD
    Brand:  AMD Ryzen 7 3750H with Radeon Vega Mobile Gfx  
    Family: 23   Model: 24   Stepping: 1
    Features: aes amd apic avx avx2 clfsh cmov cx8 cx16 f16c fma htt lahf misalignsse mmx msr nonstop_tsc pclmuldq pdpe1gb popcnt pse rdrnd rdtscp sha sse2 sse3 sse4a sse4.1 sse4.2 ssse3
  Hardware topology: Basic
    Sockets, cores, and logical processors:
      Socket  0: [   0   1] [   2   3] [   4   5] [   6   7]


++++ PLEASE READ AND CITE THE FOLLOWING REFERENCE ++++
M. J. Abraham, T. Murtola, R. Schulz, S. Páll, J. C. Smith, B. Hess, E.
Lindahl
GROMACS: High performance molecular simulations through multi-level
parallelism from laptops to supercomputers
SoftwareX 1 (2015) pp. 19-25
-------- -------- --- Thank You --- -------- --------


++++ PLEASE READ AND CITE THE FOLLOWING REFERENCE ++++
S. Páll, M. J. Abraham, C. Kutzner, B. Hess, E. Lindahl
Tackling Exascale Software Challenges in Molecular Dynamics Simulations with
GROMACS
In S. Markidis & E. Laure (Eds.), Solving Software Challenges for Exascale 8759 (2015) pp. 3-27
-------- -------- --- Thank You --- -------- --------


++++ PLEASE READ AND CITE THE FOLLOWING REFERENCE ++++
S. Pronk, S. Páll, R. Schulz, P. Larsson, P. Bjelkmar, R. Apostolov, M. R.
Shirts, J. C. Smith, P. M. Kasson, D. van der Spoel, B. Hess, and E. Lindahl
GROMACS 4.5: a high-throughput and highly parallel open source molecular
simulation toolkit
Bioinformatics 29 (2013) pp. 845-54
-------- -------- --- Thank You --- -------- --------


++++ PLEASE READ AND CITE THE FOLLOWING REFERENCE ++++
B. Hess and C. Kutzner and D. van der Spoel and E. Lindahl
GROMACS 4: Algorithms for highly efficient, load-balanced, and scalable
molecular simulation
J. Chem. Theory Comput. 4 (2008) pp. 435-447
-------- -------- --- Thank You --- -------- --------


++++ PLEASE READ AND CITE THE FOLLOWING REFERENCE ++++
D. van der Spoel, E. Lindahl, B. Hess, G. Groenhof, A. E. Mark and H. J. C.
Berendsen
GROMACS: Fast, Flexible and Free
J. Comp. Chem. 26 (2005) pp. 1701-1719
-------- -------- --- Thank You --- -------- --------


++++ PLEASE READ AND CITE THE FOLLOWING REFERENCE ++++
E. Lindahl and B. Hess and D. van der Spoel
GROMACS 3.0: A package for molecular simulation and trajectory analysis
J. Mol. Mod. 7 (2001) pp. 306-317
-------- -------- --- Thank You --- -------- --------


++++ PLEASE READ AND CITE THE FOLLOWING REFERENCE ++++
H. J. C. Berendsen, D. van der Spoel and R. van Drunen
GROMACS: A message-passing parallel molecular dynamics implementation
Comp. Phys. Comm. 91 (1995) pp. 43-56
-------- -------- --- Thank You --- -------- --------

Input Parameters:
   integrator                     = md
   tinit                          = 0
   dt                             = 0.002
   nsteps                         = 50000
   init-step                      = 0
   simulation-part                = 1
   mts                            = false
   comm-mode                      = Linear
   nstcomm                        = 100
   bd-fric                        = 0
   ld-seed                        = -1117921801
   emtol                          = 10
   emstep                         = 0.01
   niter                          = 20
   fcstep                         = 0
   nstcgsteep                     = 1000
   nbfgscorr                      = 10
   rtpi                           = 0.05
   nstxout                        = 500
   nstvout                        = 500
   nstfout                        = 0
   nstlog                         = 500
   nstcalcenergy                  = 100
   nstenergy                      = 500
   nstxout-compressed             = 0
   compressed-x-precision         = 1000
   cutoff-scheme                  = Verlet
   nstlist                        = 10
   pbc                            = xyz
   periodic-molecules             = false
   verlet-buffer-tolerance        = 0.005
   rlist                          = 1
   coulombtype                    = Cut-off
   coulomb-modifier               = Potential-shift
   rcoulomb-switch                = 0
   rcoulomb                       = 1
   epsilon-r                      = 1
   epsilon-rf                     = inf
   vdw-type                       = Cut-off
   vdw-modifier                   = Potential-shift
   rvdw-switch                    = 0
   rvdw                           = 1
   DispCorr                       = EnerPres
   table-extension                = 1
   fourierspacing                 = 0.12
   fourier-nx                     = 0
   fourier-ny                     = 0
   fourier-nz                     = 0
   pme-order                      = 4
   ewald-rtol                     = 1e-05
   ewald-rtol-lj                  = 0.001
   lj-pme-comb-rule               = Geometric
   ewald-geometry                 = 0
   epsilon-surface                = 0
   tcoupl                         = V-rescale
   nsttcouple                     = 10
   nh-chain-length                = 0
   print-nose-hoover-chain-variables = false
   pcoupl                         = Parrinello-Rahman
   pcoupltype                     = Isotropic
   nstpcouple                     = 10
   tau-p                          = 2
   compressibility (3x3):
      compressibility[    0]={ 4.50000e-05,  0.00000e+00,  0.00000e+00}
      compressibility[    1]={ 0.00000e+00,  4.50000e-05,  0.00000e+00}
      compressibility[    2]={ 0.00000e+00,  0.00000e+00,  4.50000e-05}
   ref-p (3x3):
      ref-p[    0]={ 1.00000e+00,  0.00000e+00,  0.00000e+00}
      ref-p[    1]={ 0.00000e+00,  1.00000e+00,  0.00000e+00}
      ref-p[    2]={ 0.00000e+00,  0.00000e+00,  1.00000e+00}
   refcoord-scaling               = COM
   posres-com (3):
      posres-com[0]= 0.00000e+00
      posres-com[1]= 0.00000e+00
      posres-com[2]= 0.00000e+00
   posres-comB (3):
      posres-comB[0]= 0.00000e+00
      posres-comB[1]= 0.00000e+00
      posres-comB[2]= 0.00000e+00
   QMMM                           = false
qm-opts:
   ngQM                           = 0
   constraint-algorithm           = Lincs
   continuation                   = true
   Shake-SOR                      = false
   shake-tol                      = 0.0001
   lincs-order                    = 4
   lincs-iter                     = 1
   lincs-warnangle                = 30
   nwall                          = 0
   wall-type                      = 9-3
   wall-r-linpot                  = -1
   wall-atomtype[0]               = -1
   wall-atomtype[1]               = -1
   wall-density[0]                = 0
   wall-density[1]                = 0
   wall-ewald-zfac                = 3
   pull                           = false
   awh                            = false
   rotation                       = false
   interactiveMD                  = false
   disre                          = No
   disre-weighting                = Conservative
   disre-mixed                    = false
   dr-fc                          = 1000
   dr-tau                         = 0
   nstdisreout                    = 100
   orire-fc                       = 0
   orire-tau                      = 0
   nstorireout                    = 100
   free-energy                    = no
   cos-acceleration               = 0
   deform (3x3):
      deform[    0]={ 0.00000e+00,  0.00000e+00,  0.00000e+00}
      deform[    1]={ 0.00000e+00,  0.00000e+00,  0.00000e+00}
      deform[    2]={ 0.00000e+00,  0.00000e+00,  0.00000e+00}
   simulated-tempering            = false
   swapcoords                     = no
   userint1                       = 0
   userint2                       = 0
   userint3                       = 0
   userint4                       = 0
   userreal1                      = 0
   userreal2                      = 0
   userreal3                      = 0
   userreal4                      = 0
   applied-forces:
     electric-field:
       x:
         E0                       = 0
         omega                    = 0
         t0                       = 0
         sigma                    = 0
       y:
         E0                       = 0
         omega                    = 0
         t0                       = 0
         sigma                    = 0
       z:
         E0                       = 0
         omega                    = 0
         t0                       = 0
         sigma                    = 0
     density-guided-simulation:
       active                     = false
       group                      = protein
       similarity-measure         = inner-product
       atom-spreading-weight      = unity
       force-constant             = 1e+09
       gaussian-transform-spreading-width = 0.2
       gaussian-transform-spreading-range-in-multiples-of-width = 4
       reference-density-filename = reference.mrc
       nst                        = 1
       normalize-densities        = true
       adaptive-force-scaling     = false
       adaptive-force-scaling-time-constant = 4
       shift-vector               = 
       transformation-matrix      = 
grpopts:
   nrdf:       27780
   ref-t:         300
   tau-t:         0.1
annealing:          No
annealing-npoints:           0
   acc:	           0           0           0
   nfreeze:           N           N           N
   energygrp-flags[  0]: 0

Changing nstlist from 10 to 100, rlist from 1 to 1

Using 1 MPI thread
Using 8 OpenMP threads 

Pinning threads with an auto-selected logical core stride of 1
System total charge: 0.000
Potential shift: LJ r^-12: -1.000e+00 r^-6: -1.000e+00, Coulomb -1e+00
Long Range LJ corr.: <C6> 6.2213e-03


Using SIMD 4x4 nonbonded short-range kernels

Using a 4x4 pair-list setup:
  updated every 100 steps, buffer 0.000 nm, rlist 1.000 nm
At tolerance 0.005 kJ/mol/ps per atom, equivalent classical 1x1 list would be:
  updated every 100 steps, buffer 0.082 nm, rlist 1.082 nm

Using geometric Lennard-Jones combination rule

++++ PLEASE READ AND CITE THE FOLLOWING REFERENCE ++++
G. Bussi, D. Donadio and M. Parrinello
Canonical sampling through velocity rescaling
J. Chem. Phys. 126 (2007) pp. 014101
-------- -------- --- Thank You --- -------- --------

There are: 9261 Atoms
Center of mass motion removal mode is Linear
We have the following groups for center of mass motion removal:
  0:  rest

Started mdrun on rank 0 Sun Jun  5 18:14:49 2022

           Step           Time
              0        0.00000

   Energies (kJ/mol)
        LJ (SR)  Disper. corr.   Coulomb (SR)      Potential    Kinetic En.
   -3.60879e+04   -6.02282e+03    0.00000e+00   -4.21107e+04    6.21723e-03
   Total Energy  Conserved En.    Temperature Pres. DC (bar) Pressure (bar)
   -4.21107e+04   -4.20884e+04    5.38345e-05   -2.72089e+02    6.14543e+03

           Step           Time
            500        1.00000

   Energies (kJ/mol)
        LJ (SR)  Disper. corr.   Coulomb (SR)      Potential    Kinetic En.
   -1.74747e+04   -2.25220e+03    0.00000e+00   -1.97269e+04    2.40679e+04
   Total Energy  Conserved En.    Temperature Pres. DC (bar) Pressure (bar)
    4.34094e+03   -2.35036e+04    2.08402e+02   -3.86562e+01    1.09998e+03

           Step           Time
           1000        2.00000

   Energies (kJ/mol)
        LJ (SR)  Disper. corr.   Coulomb (SR)      Potential    Kinetic En.
   -8.38699e+03   -7.59179e+02    0.00000e+00   -9.14617e+03    3.13556e+04
   Total Energy  Conserved En.    Temperature Pres. DC (bar) Pressure (bar)
    2.22094e+04    2.42633e+04    2.71506e+02   -4.61321e+00    1.02013e+02

           Step           Time
           1500        3.00000

   Energies (kJ/mol)
        LJ (SR)  Disper. corr.   Coulomb (SR)      Potential    Kinetic En.
   -5.14872e+03   -3.13116e+02    0.00000e+00   -5.46183e+03    3.24670e+04
   Total Energy  Conserved En.    Temperature Pres. DC (bar) Pressure (bar)
    2.70052e+04    8.16471e+04    2.81129e+02   -8.68607e-01    5.80930e+01

           Step           Time
           2000        4.00000

   Energies (kJ/mol)
        LJ (SR)  Disper. corr.   Coulomb (SR)      Potential    Kinetic En.
   -3.82460e+03   -1.45767e+02    0.00000e+00   -3.97037e+03    3.33401e+04
   Total Energy  Conserved En.    Temperature Pres. DC (bar) Pressure (bar)
    2.93697e+04    1.44923e+05    2.88689e+02   -2.26427e-01    2.66577e+01

           Step           Time
           2500        5.00000

   Energies (kJ/mol)
        LJ (SR)  Disper. corr.   Coulomb (SR)      Potential    Kinetic En.
   -2.91795e+03   -7.10468e+01    0.00000e+00   -2.98900e+03    3.37868e+04
   Total Energy  Conserved En.    Temperature Pres. DC (bar) Pressure (bar)
    3.07978e+04    2.11928e+05    2.92557e+02   -7.40799e-02    1.58937e+01

           Step           Time
           3000        6.00000

   Energies (kJ/mol)
        LJ (SR)  Disper. corr.   Coulomb (SR)      Potential    Kinetic En.
   -2.21677e+03   -3.32049e+01    0.00000e+00   -2.24998e+03    3.40040e+04
   Total Energy  Conserved En.    Temperature Pres. DC (bar) Pressure (bar)
    3.17540e+04    2.81546e+05    2.94438e+02   -2.85709e-02    9.99146e+00

           Step           Time
           3500        7.00000

   Energies (kJ/mol)
        LJ (SR)  Disper. corr.   Coulomb (SR)      Potential    Kinetic En.
   -1.67724e+03   -1.21644e+01    0.00000e+00   -1.68940e+03    3.39185e+04
   Total Energy  Conserved En.    Temperature Pres. DC (bar) Pressure (bar)
    3.22291e+04    3.53052e+05    2.93697e+02   -1.24721e-02    6.65000e+00

           Step           Time
           4000        8.00000

   Energies (kJ/mol)
        LJ (SR)  Disper. corr.   Coulomb (SR)      Potential    Kinetic En.
   -1.38618e+03    4.01445e-01    0.00000e+00   -1.38578e+03    3.38691e+04
   Total Energy  Conserved En.    Temperature Pres. DC (bar) Pressure (bar)
    3.24834e+04    4.25945e+05    2.93270e+02   -5.99502e-03    4.60429e+00

           Step           Time
           4500        9.00000

   Energies (kJ/mol)
        LJ (SR)  Disper. corr.   Coulomb (SR)      Potential    Kinetic En.
   -1.09891e+03    8.34162e+00    0.00000e+00   -1.09057e+03    3.38777e+04
   Total Energy  Conserved En.    Temperature Pres. DC (bar) Pressure (bar)
    3.27871e+04    4.99869e+05    2.93344e+02   -3.11194e-03    3.33725e+00

           Step           Time
           5000       10.00000

   Energies (kJ/mol)
        LJ (SR)  Disper. corr.   Coulomb (SR)      Potential    Kinetic En.
   -8.16108e+02    1.35926e+01    0.00000e+00   -8.02515e+02    3.37747e+04
   Total Energy  Conserved En.    Temperature Pres. DC (bar) Pressure (bar)
    3.29722e+04    5.74554e+05    2.92453e+02   -1.71993e-03    2.48543e+00

           Step           Time
           5500       11.00000

   Energies (kJ/mol)
        LJ (SR)  Disper. corr.   Coulomb (SR)      Potential    Kinetic En.
   -6.57602e+02    1.71976e+01    0.00000e+00   -6.40404e+02    3.38874e+04
   Total Energy  Conserved En.    Temperature Pres. DC (bar) Pressure (bar)
    3.32470e+04    6.49777e+05    2.93428e+02   -1.00146e-03    1.91628e+00

           Step           Time
           6000       12.00000

   Energies (kJ/mol)
        LJ (SR)  Disper. corr.   Coulomb (SR)      Potential    Kinetic En.
   -5.44026e+02    1.97514e+01    0.00000e+00   -5.24275e+02    3.43834e+04
   Total Energy  Conserved En.    Temperature Pres. DC (bar) Pressure (bar)
    3.38591e+04    7.25363e+05    2.97723e+02   -6.09332e-04    1.52797e+00

           Step           Time
           6500       13.00000

   Energies (kJ/mol)
        LJ (SR)  Disper. corr.   Coulomb (SR)      Potential    Kinetic En.
   -4.66419e+02    2.16095e+01    0.00000e+00   -4.44810e+02    3.40703e+04
   Total Energy  Conserved En.    Temperature Pres. DC (bar) Pressure (bar)
    3.36255e+04    8.01168e+05    2.95012e+02   -3.84948e-04    1.19922e+00

           Step           Time
           7000       14.00000

   Energies (kJ/mol)
        LJ (SR)  Disper. corr.   Coulomb (SR)      Potential    Kinetic En.
   -3.88534e+02    2.29926e+01    0.00000e+00   -3.65542e+02    3.42942e+04
   Total Energy  Conserved En.    Temperature Pres. DC (bar) Pressure (bar)
    3.39286e+04    8.77064e+05    2.96950e+02   -2.51226e-04    9.76448e-01

           Step           Time
           7500       15.00000

   Energies (kJ/mol)
        LJ (SR)  Disper. corr.   Coulomb (SR)      Potential    Kinetic En.
   -3.19593e+02    2.40428e+01    0.00000e+00   -2.95550e+02    3.42152e+04
   Total Energy  Conserved En.    Temperature Pres. DC (bar) Pressure (bar)
    3.39196e+04    9.52951e+05    2.96266e+02   -1.68673e-04    8.04072e-01

           Step           Time
           8000       16.00000

   Energies (kJ/mol)
        LJ (SR)  Disper. corr.   Coulomb (SR)      Potential    Kinetic En.
   -2.48501e+02    2.48543e+01    0.00000e+00   -2.23647e+02    3.45907e+04
   Total Energy  Conserved En.    Temperature Pres. DC (bar) Pressure (bar)
    3.43670e+04    1.02874e+06    2.99518e+02   -1.16112e-04    6.73329e-01

           Step           Time
           8500       17.00000

   Energies (kJ/mol)
        LJ (SR)  Disper. corr.   Coulomb (SR)      Potential    Kinetic En.
   -2.15075e+02    2.54911e+01    0.00000e+00   -1.89584e+02    3.46868e+04
   Total Energy  Conserved En.    Temperature Pres. DC (bar) Pressure (bar)
    3.44972e+04    1.10433e+06    3.00350e+02   -8.17207e-05    5.67305e-01

           Step           Time
           9000       18.00000

   Energies (kJ/mol)
        LJ (SR)  Disper. corr.   Coulomb (SR)      Potential    Kinetic En.
   -1.89922e+02    2.59976e+01    0.00000e+00   -1.63924e+02    3.42209e+04
   Total Energy  Conserved En.    Temperature Pres. DC (bar) Pressure (bar)
    3.40570e+04    1.17967e+06    2.96316e+02   -5.86659e-05    4.75080e-01

           Step           Time
           9500       19.00000

   Energies (kJ/mol)
        LJ (SR)  Disper. corr.   Coulomb (SR)      Potential    Kinetic En.
   -1.70251e+02    2.64054e+01    0.00000e+00   -1.43846e+02    3.45456e+04
   Total Energy  Conserved En.    Temperature Pres. DC (bar) Pressure (bar)
    3.44017e+04    1.25469e+06    2.99127e+02   -4.28715e-05    4.10391e-01

           Step           Time
          10000       20.00000

   Energies (kJ/mol)
        LJ (SR)  Disper. corr.   Coulomb (SR)      Potential    Kinetic En.
   -1.54668e+02    2.67375e+01    0.00000e+00   -1.27930e+02    3.45326e+04
   Total Energy  Conserved En.    Temperature Pres. DC (bar) Pressure (bar)
    3.44046e+04    1.32932e+06    2.99015e+02   -3.18375e-05    3.53659e-01

           Step           Time
          10500       21.00000

   Energies (kJ/mol)
        LJ (SR)  Disper. corr.   Coulomb (SR)      Potential    Kinetic En.
   -1.32112e+02    2.70106e+01    0.00000e+00   -1.05102e+02    3.39682e+04
   Total Energy  Conserved En.    Temperature Pres. DC (bar) Pressure (bar)
    3.38631e+04    1.40351e+06    2.94128e+02   -2.39913e-05    3.01817e-01

           Step           Time
          11000       22.00000

   Energies (kJ/mol)
        LJ (SR)  Disper. corr.   Coulomb (SR)      Potential    Kinetic En.
   -1.09160e+02    2.72372e+01    0.00000e+00   -8.19227e+01    3.42406e+04
   Total Energy  Conserved En.    Temperature Pres. DC (bar) Pressure (bar)
    3.41587e+04    1.47719e+06    2.96486e+02   -1.83215e-05    2.65970e-01

           Step           Time
          11500       23.00000

   Energies (kJ/mol)
        LJ (SR)  Disper. corr.   Coulomb (SR)      Potential    Kinetic En.
   -9.60580e+01    2.74269e+01    0.00000e+00   -6.86311e+01    3.43434e+04
   Total Energy  Conserved En.    Temperature Pres. DC (bar) Pressure (bar)
    3.42747e+04    1.55034e+06    2.97376e+02   -1.41636e-05    2.34085e-01

           Step           Time
          12000       24.00000

   Energies (kJ/mol)
        LJ (SR)  Disper. corr.   Coulomb (SR)      Potential    Kinetic En.
   -8.82319e+01    2.75868e+01    0.00000e+00   -6.06451e+01    3.41870e+04
   Total Energy  Conserved En.    Temperature Pres. DC (bar) Pressure (bar)
    3.41263e+04    1.62290e+06    2.96022e+02   -1.10732e-05    2.06255e-01

           Step           Time
          12500       25.00000

   Energies (kJ/mol)
        LJ (SR)  Disper. corr.   Coulomb (SR)      Potential    Kinetic En.
   -8.14074e+01    2.77225e+01    0.00000e+00   -5.36849e+01    3.48664e+04
   Total Energy  Conserved En.    Temperature Pres. DC (bar) Pressure (bar)
    3.48127e+04    1.69482e+06    3.01905e+02   -8.74732e-06    1.87176e-01

           Step           Time
          13000       26.00000

   Energies (kJ/mol)
        LJ (SR)  Disper. corr.   Coulomb (SR)      Potential    Kinetic En.
   -6.70112e+01    2.78385e+01    0.00000e+00   -3.91726e+01    3.44650e+04
   Total Energy  Conserved En.    Temperature Pres. DC (bar) Pressure (bar)
    3.44259e+04    1.76607e+06    2.98430e+02   -6.97676e-06    1.65414e-01

           Step           Time
          13500       27.00000

   Energies (kJ/mol)
        LJ (SR)  Disper. corr.   Coulomb (SR)      Potential    Kinetic En.
   -6.73629e+01    2.79383e+01    0.00000e+00   -3.94247e+01    3.42993e+04
   Total Energy  Conserved En.    Temperature Pres. DC (bar) Pressure (bar)
    3.42598e+04    1.83661e+06    2.96994e+02   -5.61449e-06    1.47479e-01

           Step           Time
          14000       28.00000

   Energies (kJ/mol)
        LJ (SR)  Disper. corr.   Coulomb (SR)      Potential    Kinetic En.
   -6.10672e+01    2.80245e+01    0.00000e+00   -3.30426e+01    3.42159e+04
   Total Energy  Conserved En.    Temperature Pres. DC (bar) Pressure (bar)
    3.41829e+04    1.90640e+06    2.96273e+02   -4.55598e-06    1.32581e-01

           Step           Time
          14500       29.00000

   Energies (kJ/mol)
        LJ (SR)  Disper. corr.   Coulomb (SR)      Potential    Kinetic En.
   -5.34493e+01    2.80994e+01    0.00000e+00   -2.53499e+01    3.39083e+04
   Total Energy  Conserved En.    Temperature Pres. DC (bar) Pressure (bar)
    3.38829e+04    1.97541e+06    2.93609e+02   -3.72588e-06    1.18657e-01

           Step           Time
          15000       30.00000

   Energies (kJ/mol)
        LJ (SR)  Disper. corr.   Coulomb (SR)      Potential    Kinetic En.
   -4.61950e+01    2.81649e+01    0.00000e+00   -1.80302e+01    3.44387e+04
   Total Energy  Conserved En.    Temperature Pres. DC (bar) Pressure (bar)
    3.44206e+04    2.04361e+06    2.98202e+02   -3.06929e-06    1.09653e-01

           Step           Time
          15500       31.00000

   Energies (kJ/mol)
        LJ (SR)  Disper. corr.   Coulomb (SR)      Potential    Kinetic En.
   -4.70752e+01    2.82222e+01    0.00000e+00   -1.88530e+01    3.44378e+04
   Total Energy  Conserved En.    Temperature Pres. DC (bar) Pressure (bar)
    3.44190e+04    2.11096e+06    2.98194e+02   -2.54575e-06    9.97680e-02

           Step           Time
          16000       32.00000

   Energies (kJ/mol)
        LJ (SR)  Disper. corr.   Coulomb (SR)      Potential    Kinetic En.
   -3.61850e+01    2.82728e+01    0.00000e+00   -7.91226e+00    3.46196e+04
   Total Energy  Conserved En.    Temperature Pres. DC (bar) Pressure (bar)
    3.46117e+04    2.17744e+06    2.99768e+02   -2.12513e-06    9.16225e-02

           Step           Time
          16500       33.00000

   Energies (kJ/mol)
        LJ (SR)  Disper. corr.   Coulomb (SR)      Potential    Kinetic En.
   -4.18415e+01    2.83175e+01    0.00000e+00   -1.35241e+01    3.43515e+04
   Total Energy  Conserved En.    Temperature Pres. DC (bar) Pressure (bar)
    3.43380e+04    2.24302e+06    2.97447e+02   -1.78480e-06    8.33113e-02

           Step           Time
          17000       34.00000

   Energies (kJ/mol)
        LJ (SR)  Disper. corr.   Coulomb (SR)      Potential    Kinetic En.
   -3.29133e+01    2.83571e+01    0.00000e+00   -4.55613e+00    3.42611e+04
   Total Energy  Conserved En.    Temperature Pres. DC (bar) Pressure (bar)
    3.42565e+04    2.30767e+06    2.96664e+02   -1.50757e-06    7.64201e-02

           Step           Time
          17500       35.00000

   Energies (kJ/mol)
        LJ (SR)  Disper. corr.   Coulomb (SR)      Potential    Kinetic En.
   -3.48429e+01    2.83925e+01    0.00000e+00   -6.45048e+00    3.43707e+04
   Total Energy  Conserved En.    Temperature Pres. DC (bar) Pressure (bar)
    3.43643e+04    2.37137e+06    2.97613e+02   -1.28032e-06    7.06250e-02

           Step           Time
          18000       36.00000

   Energies (kJ/mol)
        LJ (SR)  Disper. corr.   Coulomb (SR)      Potential    Kinetic En.
   -3.55108e+01    2.84240e+01    0.00000e+00   -7.08671e+00    3.45099e+04
   Total Energy  Conserved En.    Temperature Pres. DC (bar) Pressure (bar)
    3.45028e+04    2.43410e+06    2.98818e+02   -1.09293e-06    6.55165e-02

           Step           Time
          18500       37.00000

   Energies (kJ/mol)
        LJ (SR)  Disper. corr.   Coulomb (SR)      Potential    Kinetic En.
   -2.37743e+01    2.84524e+01    0.00000e+00    4.67811e+00    3.47186e+04
   Total Energy  Conserved En.    Temperature Pres. DC (bar) Pressure (bar)
    3.47232e+04    2.49583e+06    3.00625e+02   -9.37522e-07    6.11031e-02

           Step           Time
          19000       38.00000

   Energies (kJ/mol)
        LJ (SR)  Disper. corr.   Coulomb (SR)      Potential    Kinetic En.
   -2.67784e+01    2.84778e+01    0.00000e+00    1.69939e+00    3.45237e+04
   Total Energy  Conserved En.    Temperature Pres. DC (bar) Pressure (bar)
    3.45254e+04    2.55655e+06    2.98938e+02   -8.07951e-07    5.63218e-02

           Step           Time
          19500       39.00000

   Energies (kJ/mol)
        LJ (SR)  Disper. corr.   Coulomb (SR)      Potential    Kinetic En.
   -3.25796e+01    2.85008e+01    0.00000e+00   -4.07882e+00    3.39785e+04
   Total Energy  Conserved En.    Temperature Pres. DC (bar) Pressure (bar)
    3.39744e+04    2.61624e+06    2.94217e+02   -6.99370e-07    5.16210e-02

           Step           Time
          20000       40.00000

   Energies (kJ/mol)
        LJ (SR)  Disper. corr.   Coulomb (SR)      Potential    Kinetic En.
   -3.12560e+01    2.85215e+01    0.00000e+00   -2.73450e+00    3.42542e+04
   Total Energy  Conserved En.    Temperature Pres. DC (bar) Pressure (bar)
    3.42515e+04    2.67487e+06    2.96604e+02   -6.07937e-07    4.84520e-02

           Step           Time
          20500       41.00000

   Energies (kJ/mol)
        LJ (SR)  Disper. corr.   Coulomb (SR)      Potential    Kinetic En.
   -2.55042e+01    2.85404e+01    0.00000e+00    3.03613e+00    3.45437e+04
   Total Energy  Conserved En.    Temperature Pres. DC (bar) Pressure (bar)
    3.45467e+04    2.73244e+06    2.99111e+02   -5.30587e-07    4.57230e-02

           Step           Time
          21000       42.00000

   Energies (kJ/mol)
        LJ (SR)  Disper. corr.   Coulomb (SR)      Potential    Kinetic En.
   -1.62736e+01    2.85575e+01    0.00000e+00    1.22839e+01    3.43523e+04
   Total Energy  Conserved En.    Temperature Pres. DC (bar) Pressure (bar)
    3.43646e+04    2.78892e+06    2.97454e+02   -4.64864e-07    4.25607e-02

           Step           Time
          21500       43.00000

   Energies (kJ/mol)
        LJ (SR)  Disper. corr.   Coulomb (SR)      Potential    Kinetic En.
   -1.63873e+01    2.85730e+01    0.00000e+00    1.21857e+01    3.46995e+04
   Total Energy  Conserved En.    Temperature Pres. DC (bar) Pressure (bar)
    3.47117e+04    2.84432e+06    3.00460e+02   -4.08785e-07    4.02782e-02

           Step           Time
          22000       44.00000

   Energies (kJ/mol)
        LJ (SR)  Disper. corr.   Coulomb (SR)      Potential    Kinetic En.
   -1.88814e+01    2.85872e+01    0.00000e+00    9.70579e+00    3.48346e+04
   Total Energy  Conserved En.    Temperature Pres. DC (bar) Pressure (bar)
    3.48443e+04    2.89861e+06    3.01630e+02   -3.60743e-07    3.80030e-02

           Step           Time
          22500       45.00000

   Energies (kJ/mol)
        LJ (SR)  Disper. corr.   Coulomb (SR)      Potential    Kinetic En.
   -2.11078e+01    2.86002e+01    0.00000e+00    7.49240e+00    3.47001e+04
   Total Energy  Conserved En.    Temperature Pres. DC (bar) Pressure (bar)
    3.47076e+04    2.95177e+06    3.00465e+02   -3.19429e-07    3.56011e-02

           Step           Time
          23000       46.00000

   Energies (kJ/mol)
        LJ (SR)  Disper. corr.   Coulomb (SR)      Potential    Kinetic En.
   -1.93979e+01    2.86122e+01    0.00000e+00    9.21430e+00    3.45809e+04
   Total Energy  Conserved En.    Temperature Pres. DC (bar) Pressure (bar)
    3.45902e+04    3.00381e+06    2.99434e+02   -2.83768e-07    3.34735e-02

           Step           Time
          23500       47.00000

   Energies (kJ/mol)
        LJ (SR)  Disper. corr.   Coulomb (SR)      Potential    Kinetic En.
   -1.38065e+01    2.86231e+01    0.00000e+00    1.48166e+01    3.47826e+04
   Total Energy  Conserved En.    Temperature Pres. DC (bar) Pressure (bar)
    3.47974e+04    3.05472e+06    3.01180e+02   -2.52879e-07    3.17886e-02

           Step           Time
          24000       48.00000

   Energies (kJ/mol)
        LJ (SR)  Disper. corr.   Coulomb (SR)      Potential    Kinetic En.
   -1.66309e+01    2.86332e+01    0.00000e+00    1.20023e+01    3.47024e+04
   Total Energy  Conserved En.    Temperature Pres. DC (bar) Pressure (bar)
    3.47144e+04    3.10449e+06    3.00485e+02   -2.26034e-07    2.99869e-02

           Step           Time
          24500       49.00000

   Energies (kJ/mol)
        LJ (SR)  Disper. corr.   Coulomb (SR)      Potential    Kinetic En.
   -1.78638e+01    2.86425e+01    0.00000e+00    1.07787e+01    3.46924e+04
   Total Energy  Conserved En.    Temperature Pres. DC (bar) Pressure (bar)
    3.47031e+04    3.15310e+06    3.00398e+02   -2.02626e-07    2.83687e-02

           Step           Time
          25000       50.00000

   Energies (kJ/mol)
        LJ (SR)  Disper. corr.   Coulomb (SR)      Potential    Kinetic En.
   -1.62744e+01    2.86510e+01    0.00000e+00    1.23766e+01    3.45376e+04
   Total Energy  Conserved En.    Temperature Pres. DC (bar) Pressure (bar)
    3.45500e+04    3.20057e+06    2.99059e+02   -1.82153e-07    2.67797e-02

           Step           Time
          25500       51.00000

   Energies (kJ/mol)
        LJ (SR)  Disper. corr.   Coulomb (SR)      Potential    Kinetic En.
   -1.45817e+01    2.86589e+01    0.00000e+00    1.40772e+01    3.46511e+04
   Total Energy  Conserved En.    Temperature Pres. DC (bar) Pressure (bar)
    3.46652e+04    3.24688e+06    3.00041e+02   -1.64192e-07    2.54997e-02

           Step           Time
          26000       52.00000

   Energies (kJ/mol)
        LJ (SR)  Disper. corr.   Coulomb (SR)      Potential    Kinetic En.
   -1.22842e+01    2.86663e+01    0.00000e+00    1.63820e+01    3.44555e+04
   Total Energy  Conserved En.    Temperature Pres. DC (bar) Pressure (bar)
    3.44719e+04    3.29203e+06    2.98347e+02   -1.48390e-07    2.41054e-02

           Step           Time
          26500       53.00000

   Energies (kJ/mol)
        LJ (SR)  Disper. corr.   Coulomb (SR)      Potential    Kinetic En.
   -9.96415e+00    2.86731e+01    0.00000e+00    1.87089e+01    3.48450e+04
   Total Energy  Conserved En.    Temperature Pres. DC (bar) Pressure (bar)
    3.48637e+04    3.33602e+06    3.01720e+02   -1.34449e-07    2.32125e-02

           Step           Time
          27000       54.00000

   Energies (kJ/mol)
        LJ (SR)  Disper. corr.   Coulomb (SR)      Potential    Kinetic En.
   -1.34542e+01    2.86794e+01    0.00000e+00    1.52252e+01    3.44698e+04
   Total Energy  Conserved En.    Temperature Pres. DC (bar) Pressure (bar)
    3.44850e+04    3.37885e+06    2.98471e+02   -1.22116e-07    2.18836e-02

           Step           Time
          27500       55.00000

   Energies (kJ/mol)
        LJ (SR)  Disper. corr.   Coulomb (SR)      Potential    Kinetic En.
   -1.08527e+01    2.86853e+01    0.00000e+00    1.78326e+01    3.47732e+04
   Total Energy  Conserved En.    Temperature Pres. DC (bar) Pressure (bar)
    3.47911e+04    3.42052e+06    3.01099e+02   -1.11178e-07    2.10612e-02

           Step           Time
          28000       56.00000

   Energies (kJ/mol)
        LJ (SR)  Disper. corr.   Coulomb (SR)      Potential    Kinetic En.
   -9.25893e+00    2.86907e+01    0.00000e+00    1.94318e+01    3.43529e+04
   Total Energy  Conserved En.    Temperature Pres. DC (bar) Pressure (bar)
    3.43724e+04    3.46103e+06    2.97459e+02   -1.01453e-07    1.98820e-02

           Step           Time
          28500       57.00000

   Energies (kJ/mol)
        LJ (SR)  Disper. corr.   Coulomb (SR)      Potential    Kinetic En.
   -9.68124e+00    2.86958e+01    0.00000e+00    1.90146e+01    3.42022e+04
   Total Energy  Conserved En.    Temperature Pres. DC (bar) Pressure (bar)
    3.42213e+04    3.50039e+06    2.96154e+02   -9.27858e-08    1.89245e-02

           Step           Time
          29000       58.00000

   Energies (kJ/mol)
        LJ (SR)  Disper. corr.   Coulomb (SR)      Potential    Kinetic En.
   -1.23708e+01    2.87006e+01    0.00000e+00    1.63298e+01    3.39411e+04
   Total Energy  Conserved En.    Temperature Pres. DC (bar) Pressure (bar)
    3.39575e+04    3.53861e+06    2.93893e+02   -8.50432e-08    1.79783e-02

           Step           Time
          29500       59.00000

   Energies (kJ/mol)
        LJ (SR)  Disper. corr.   Coulomb (SR)      Potential    Kinetic En.
   -9.66701e+00    2.87051e+01    0.00000e+00    1.90381e+01    3.48534e+04
   Total Energy  Conserved En.    Temperature Pres. DC (bar) Pressure (bar)
    3.48724e+04    3.57567e+06    3.01792e+02   -7.81110e-08    1.76946e-02

           Step           Time
          30000       60.00000

   Energies (kJ/mol)
        LJ (SR)  Disper. corr.   Coulomb (SR)      Potential    Kinetic En.
   -8.58084e+00    2.87092e+01    0.00000e+00    2.01284e+01    3.47596e+04
   Total Energy  Conserved En.    Temperature Pres. DC (bar) Pressure (bar)
    3.47797e+04    3.61160e+06    3.00980e+02   -7.18911e-08    1.69310e-02

           Step           Time
          30500       61.00000

   Energies (kJ/mol)
        LJ (SR)  Disper. corr.   Coulomb (SR)      Potential    Kinetic En.
   -9.60232e+00    2.87131e+01    0.00000e+00    1.91108e+01    3.40127e+04
   Total Energy  Conserved En.    Temperature Pres. DC (bar) Pressure (bar)
    3.40318e+04    3.64640e+06    2.94513e+02   -6.62984e-08    1.59131e-02

           Step           Time
          31000       62.00000

   Energies (kJ/mol)
        LJ (SR)  Disper. corr.   Coulomb (SR)      Potential    Kinetic En.
   -8.74292e+00    2.87168e+01    0.00000e+00    1.99739e+01    3.44005e+04
   Total Energy  Conserved En.    Temperature Pres. DC (bar) Pressure (bar)
    3.44204e+04    3.68008e+06    2.97871e+02   -6.12596e-08    1.54630e-02

           Step           Time
          31500       63.00000

   Energies (kJ/mol)
        LJ (SR)  Disper. corr.   Coulomb (SR)      Potential    Kinetic En.
   -7.94676e+00    2.87202e+01    0.00000e+00    2.07735e+01    3.45233e+04
   Total Energy  Conserved En.    Temperature Pres. DC (bar) Pressure (bar)
    3.45441e+04    3.71265e+06    2.98935e+02   -5.67109e-08    1.49380e-02

           Step           Time
          32000       64.00000

   Energies (kJ/mol)
        LJ (SR)  Disper. corr.   Coulomb (SR)      Potential    Kinetic En.
   -6.87583e+00    2.87235e+01    0.00000e+00    2.18476e+01    3.44174e+04
   Total Energy  Conserved En.    Temperature Pres. DC (bar) Pressure (bar)
    3.44393e+04    3.74411e+06    2.98018e+02   -5.25969e-08    1.43366e-02

           Step           Time
          32500       65.00000

   Energies (kJ/mol)
        LJ (SR)  Disper. corr.   Coulomb (SR)      Potential    Kinetic En.
   -8.00007e+00    2.87265e+01    0.00000e+00    2.07264e+01    3.45912e+04
   Total Energy  Conserved En.    Temperature Pres. DC (bar) Pressure (bar)
    3.46120e+04    3.77449e+06    2.99523e+02   -4.88690e-08    1.38975e-02

           Step           Time
          33000       66.00000

   Energies (kJ/mol)
        LJ (SR)  Disper. corr.   Coulomb (SR)      Potential    Kinetic En.
   -7.84713e+00    2.87293e+01    0.00000e+00    2.08822e+01    3.43783e+04
   Total Energy  Conserved En.    Temperature Pres. DC (bar) Pressure (bar)
    3.43992e+04    3.80378e+06    2.97679e+02   -4.54852e-08    1.33167e-02

           Step           Time
          33500       67.00000

   Energies (kJ/mol)
        LJ (SR)  Disper. corr.   Coulomb (SR)      Potential    Kinetic En.
   -7.85784e+00    2.87320e+01    0.00000e+00    2.08742e+01    3.46381e+04
   Total Energy  Conserved En.    Temperature Pres. DC (bar) Pressure (bar)
    3.46590e+04    3.83201e+06    2.99929e+02   -4.24083e-08    1.29670e-02

           Step           Time
          34000       68.00000

   Energies (kJ/mol)
        LJ (SR)  Disper. corr.   Coulomb (SR)      Potential    Kinetic En.
   -6.31795e+00    2.87346e+01    0.00000e+00    2.24166e+01    3.44643e+04
   Total Energy  Conserved En.    Temperature Pres. DC (bar) Pressure (bar)
    3.44867e+04    3.85918e+06    2.98423e+02   -3.96058e-08    1.24600e-02

           Step           Time
          34500       69.00000

   Energies (kJ/mol)
        LJ (SR)  Disper. corr.   Coulomb (SR)      Potential    Kinetic En.
   -5.55395e+00    2.87370e+01    0.00000e+00    2.31830e+01    3.47887e+04
   Total Energy  Conserved En.    Temperature Pres. DC (bar) Pressure (bar)
    3.48119e+04    3.88531e+06    3.01233e+02   -3.70492e-08    1.21642e-02

           Step           Time
          35000       70.00000

   Energies (kJ/mol)
        LJ (SR)  Disper. corr.   Coulomb (SR)      Potential    Kinetic En.
   -6.76389e+00    2.87392e+01    0.00000e+00    2.19753e+01    3.44720e+04
   Total Energy  Conserved En.    Temperature Pres. DC (bar) Pressure (bar)
    3.44940e+04    3.91042e+06    2.98491e+02   -3.47131e-08    1.16661e-02

           Step           Time
          35500       71.00000

   Energies (kJ/mol)
        LJ (SR)  Disper. corr.   Coulomb (SR)      Potential    Kinetic En.
   -1.02962e+01    2.87414e+01    0.00000e+00    1.84452e+01    3.47086e+04
   Total Energy  Conserved En.    Temperature Pres. DC (bar) Pressure (bar)
    3.47271e+04    3.93453e+06    3.00539e+02   -3.25754e-08    1.13871e-02

           Step           Time
          36000       72.00000

   Energies (kJ/mol)
        LJ (SR)  Disper. corr.   Coulomb (SR)      Potential    Kinetic En.
   -9.45535e+00    2.87434e+01    0.00000e+00    1.92881e+01    3.44048e+04
   Total Energy  Conserved En.    Temperature Pres. DC (bar) Pressure (bar)
    3.44241e+04    3.95764e+06    2.97909e+02   -3.06163e-08    1.09379e-02

           Step           Time
          36500       73.00000

   Energies (kJ/mol)
        LJ (SR)  Disper. corr.   Coulomb (SR)      Potential    Kinetic En.
   -5.79134e+00    2.87453e+01    0.00000e+00    2.29540e+01    3.45672e+04
   Total Energy  Conserved En.    Temperature Pres. DC (bar) Pressure (bar)
    3.45902e+04    3.97978e+06    2.99315e+02   -2.88183e-08    1.06618e-02

           Step           Time
          37000       74.00000

   Energies (kJ/mol)
        LJ (SR)  Disper. corr.   Coulomb (SR)      Potential    Kinetic En.
   -7.46225e+00    2.87471e+01    0.00000e+00    2.12849e+01    3.45496e+04
   Total Energy  Conserved En.    Temperature Pres. DC (bar) Pressure (bar)
    3.45709e+04    4.00096e+06    2.99162e+02   -2.71660e-08    1.03444e-02

           Step           Time
          37500       75.00000

   Energies (kJ/mol)
        LJ (SR)  Disper. corr.   Coulomb (SR)      Potential    Kinetic En.
   -6.62447e+00    2.87488e+01    0.00000e+00    2.21244e+01    3.43176e+04
   Total Energy  Conserved En.    Temperature Pres. DC (bar) Pressure (bar)
    3.43398e+04    4.02121e+06    2.97154e+02   -2.56454e-08    9.98319e-03

           Step           Time
          38000       76.00000

   Energies (kJ/mol)
        LJ (SR)  Disper. corr.   Coulomb (SR)      Potential    Kinetic En.
   -5.35708e+00    2.87505e+01    0.00000e+00    2.33934e+01    3.51246e+04
   Total Energy  Conserved En.    Temperature Pres. DC (bar) Pressure (bar)
    3.51480e+04    4.04054e+06    3.04141e+02   -2.42444e-08    9.93858e-03

           Step           Time
          38500       77.00000

   Energies (kJ/mol)
        LJ (SR)  Disper. corr.   Coulomb (SR)      Potential    Kinetic En.
   -4.76896e+00    2.87520e+01    0.00000e+00    2.39831e+01    3.43349e+04
   Total Energy  Conserved En.    Temperature Pres. DC (bar) Pressure (bar)
    3.43589e+04    4.05897e+06    2.97303e+02   -2.29518e-08    9.44943e-03

           Step           Time
          39000       78.00000

   Energies (kJ/mol)
        LJ (SR)  Disper. corr.   Coulomb (SR)      Potential    Kinetic En.
   -4.59317e+00    2.87535e+01    0.00000e+00    2.41603e+01    3.44574e+04
   Total Energy  Conserved En.    Temperature Pres. DC (bar) Pressure (bar)
    3.44815e+04    4.07653e+06    2.98364e+02   -2.17578e-08    9.23309e-03

           Step           Time
          39500       79.00000

   Energies (kJ/mol)
        LJ (SR)  Disper. corr.   Coulomb (SR)      Potential    Kinetic En.
   -6.33864e+00    2.87549e+01    0.00000e+00    2.24162e+01    3.44137e+04
   Total Energy  Conserved En.    Temperature Pres. DC (bar) Pressure (bar)
    3.44361e+04    4.09322e+06    2.97985e+02   -2.06538e-08    8.98469e-03

           Step           Time
          40000       80.00000

   Energies (kJ/mol)
        LJ (SR)  Disper. corr.   Coulomb (SR)      Potential    Kinetic En.
   -7.01858e+00    2.87562e+01    0.00000e+00    2.17376e+01    3.50286e+04
   Total Energy  Conserved En.    Temperature Pres. DC (bar) Pressure (bar)
    3.50503e+04    4.10908e+06    3.03310e+02   -1.96317e-08    8.91397e-03

           Step           Time
          40500       81.00000

   Energies (kJ/mol)
        LJ (SR)  Disper. corr.   Coulomb (SR)      Potential    Kinetic En.
   -6.45511e+00    2.87574e+01    0.00000e+00    2.23023e+01    3.46643e+04
   Total Energy  Conserved En.    Temperature Pres. DC (bar) Pressure (bar)
    3.46866e+04    4.12412e+06    3.00156e+02   -1.86844e-08    8.60773e-03

           Step           Time
          41000       82.00000

   Energies (kJ/mol)
        LJ (SR)  Disper. corr.   Coulomb (SR)      Potential    Kinetic En.
   -4.45936e+00    2.87586e+01    0.00000e+00    2.42993e+01    3.42729e+04
   Total Energy  Conserved En.    Temperature Pres. DC (bar) Pressure (bar)
    3.42972e+04    4.13837e+06    2.96767e+02   -1.78055e-08    8.31137e-03

           Step           Time
          41500       83.00000

   Energies (kJ/mol)
        LJ (SR)  Disper. corr.   Coulomb (SR)      Potential    Kinetic En.
   -4.86796e+00    2.87598e+01    0.00000e+00    2.38918e+01    3.45926e+04
   Total Energy  Conserved En.    Temperature Pres. DC (bar) Pressure (bar)
    3.46165e+04    4.15185e+06    2.99535e+02   -1.69893e-08    8.19245e-03

           Step           Time
          42000       84.00000

   Energies (kJ/mol)
        LJ (SR)  Disper. corr.   Coulomb (SR)      Potential    Kinetic En.
   -5.77201e+00    2.87609e+01    0.00000e+00    2.29888e+01    3.46568e+04
   Total Energy  Conserved En.    Temperature Pres. DC (bar) Pressure (bar)
    3.46798e+04    4.16458e+06    3.00090e+02   -1.62307e-08    8.02235e-03

           Step           Time
          42500       85.00000

   Energies (kJ/mol)
        LJ (SR)  Disper. corr.   Coulomb (SR)      Potential    Kinetic En.
   -7.04797e+00    2.87619e+01    0.00000e+00    2.17139e+01    3.45306e+04
   Total Energy  Conserved En.    Temperature Pres. DC (bar) Pressure (bar)
    3.45523e+04    4.17659e+06    2.98998e+02   -1.55248e-08    7.81816e-03

           Step           Time
          43000       86.00000

   Energies (kJ/mol)
        LJ (SR)  Disper. corr.   Coulomb (SR)      Potential    Kinetic En.
   -7.08719e+00    2.87629e+01    0.00000e+00    2.16757e+01    3.44996e+04
   Total Energy  Conserved En.    Temperature Pres. DC (bar) Pressure (bar)
    3.45213e+04    4.18789e+06    2.98730e+02   -1.48675e-08    7.64321e-03

           Step           Time
          43500       87.00000

   Energies (kJ/mol)
        LJ (SR)  Disper. corr.   Coulomb (SR)      Potential    Kinetic En.
   -6.59246e+00    2.87638e+01    0.00000e+00    2.21713e+01    3.46360e+04
   Total Energy  Conserved En.    Temperature Pres. DC (bar) Pressure (bar)
    3.46582e+04    4.19851e+06    2.99910e+02   -1.42549e-08    7.51273e-03

           Step           Time
          44000       88.00000

   Energies (kJ/mol)
        LJ (SR)  Disper. corr.   Coulomb (SR)      Potential    Kinetic En.
   -3.82170e+00    2.87647e+01    0.00000e+00    2.49430e+01    3.45784e+04
   Total Energy  Conserved En.    Temperature Pres. DC (bar) Pressure (bar)
    3.46033e+04    4.20847e+06    2.99411e+02   -1.36835e-08    7.34850e-03

           Step           Time
          44500       89.00000

   Energies (kJ/mol)
        LJ (SR)  Disper. corr.   Coulomb (SR)      Potential    Kinetic En.
   -3.60139e+00    2.87655e+01    0.00000e+00    2.51641e+01    3.48670e+04
   Total Energy  Conserved En.    Temperature Pres. DC (bar) Pressure (bar)
    3.48922e+04    4.21780e+06    3.01911e+02   -1.31502e-08    7.26490e-03

           Step           Time
          45000       90.00000

   Energies (kJ/mol)
        LJ (SR)  Disper. corr.   Coulomb (SR)      Potential    Kinetic En.
   -4.02154e+00    2.87663e+01    0.00000e+00    2.47448e+01    3.48105e+04
   Total Energy  Conserved En.    Temperature Pres. DC (bar) Pressure (bar)
    3.48353e+04    4.22652e+06    3.01421e+02   -1.26521e-08    7.11322e-03

           Step           Time
          45500       91.00000

   Energies (kJ/mol)
        LJ (SR)  Disper. corr.   Coulomb (SR)      Potential    Kinetic En.
   -6.00077e+00    2.87671e+01    0.00000e+00    2.27663e+01    3.44793e+04
   Total Energy  Conserved En.    Temperature Pres. DC (bar) Pressure (bar)
    3.45020e+04    4.23466e+06    2.98553e+02   -1.21865e-08    6.91632e-03

           Step           Time
          46000       92.00000

   Energies (kJ/mol)
        LJ (SR)  Disper. corr.   Coulomb (SR)      Potential    Kinetic En.
   -5.74349e+00    2.87678e+01    0.00000e+00    2.30243e+01    3.40301e+04
   Total Energy  Conserved En.    Temperature Pres. DC (bar) Pressure (bar)
    3.40531e+04    4.24223e+06    2.94663e+02   -1.17510e-08    6.70234e-03

           Step           Time
          46500       93.00000

   Energies (kJ/mol)
        LJ (SR)  Disper. corr.   Coulomb (SR)      Potential    Kinetic En.
   -6.26957e+00    2.87685e+01    0.00000e+00    2.24990e+01    3.44489e+04
   Total Energy  Conserved En.    Temperature Pres. DC (bar) Pressure (bar)
    3.44714e+04    4.24926e+06    2.98290e+02   -1.13436e-08    6.66770e-03

           Step           Time
          47000       94.00000

   Energies (kJ/mol)
        LJ (SR)  Disper. corr.   Coulomb (SR)      Potential    Kinetic En.
   -4.60122e+00    2.87692e+01    0.00000e+00    2.41680e+01    3.48781e+04
   Total Energy  Conserved En.    Temperature Pres. DC (bar) Pressure (bar)
    3.49022e+04    4.25578e+06    3.02006e+02   -1.09621e-08    6.63530e-03

           Step           Time
          47500       95.00000

   Energies (kJ/mol)
        LJ (SR)  Disper. corr.   Coulomb (SR)      Potential    Kinetic En.
   -5.12417e+00    2.87698e+01    0.00000e+00    2.36456e+01    3.47052e+04
   Total Energy  Conserved En.    Temperature Pres. DC (bar) Pressure (bar)
    3.47289e+04    4.26180e+06    3.00510e+02   -1.06049e-08    6.49278e-03

           Step           Time
          48000       96.00000

   Energies (kJ/mol)
        LJ (SR)  Disper. corr.   Coulomb (SR)      Potential    Kinetic En.
   -4.32440e+00    2.87704e+01    0.00000e+00    2.44460e+01    3.41971e+04
   Total Energy  Conserved En.    Temperature Pres. DC (bar) Pressure (bar)
    3.42216e+04    4.26735e+06    2.96110e+02   -1.02701e-08    6.29645e-03

           Step           Time
          48500       97.00000

   Energies (kJ/mol)
        LJ (SR)  Disper. corr.   Coulomb (SR)      Potential    Kinetic En.
   -4.58105e+00    2.87710e+01    0.00000e+00    2.41899e+01    3.44902e+04
   Total Energy  Conserved En.    Temperature Pres. DC (bar) Pressure (bar)
    3.45143e+04    4.27245e+06    2.98647e+02   -9.95641e-09    6.25234e-03

           Step           Time
          49000       98.00000

   Energies (kJ/mol)
        LJ (SR)  Disper. corr.   Coulomb (SR)      Potential    Kinetic En.
   -4.63026e+00    2.87715e+01    0.00000e+00    2.41413e+01    3.43509e+04
   Total Energy  Conserved En.    Temperature Pres. DC (bar) Pressure (bar)
    3.43751e+04    4.27712e+06    2.97442e+02   -9.66227e-09    6.13375e-03

           Step           Time
          49500       99.00000

   Energies (kJ/mol)
        LJ (SR)  Disper. corr.   Coulomb (SR)      Potential    Kinetic En.
   -6.36271e+00    2.87720e+01    0.00000e+00    2.24093e+01    3.52091e+04
   Total Energy  Conserved En.    Temperature Pres. DC (bar) Pressure (bar)
    3.52315e+04    4.28140e+06    3.04872e+02   -9.38647e-09    6.19932e-03

           Step           Time
          50000      100.00000

Writing checkpoint, step 50000 at Sun Jun  5 18:14:56 2022


   Energies (kJ/mol)
        LJ (SR)  Disper. corr.   Coulomb (SR)      Potential    Kinetic En.
   -3.42185e+00    2.87725e+01    0.00000e+00    2.53507e+01    3.45508e+04
   Total Energy  Conserved En.    Temperature Pres. DC (bar) Pressure (bar)
    3.45761e+04    4.28529e+06    2.99172e+02   -9.12782e-09    5.99684e-03


Energy conservation over simulation part #1 of length 100 ns, time 0 to 100 ns
  Conserved energy drift: 4.67e+00 kJ/mol/ps per atom


	<======  ###############  ==>
	<====  A V E R A G E S  ====>
	<==  ###############  ======>

	Statistics over 50001 steps using 501 frames

   Energies (kJ/mol)
        LJ (SR)  Disper. corr.   Coulomb (SR)      Potential    Kinetic En.
   -7.05006e+02   -4.46724e+01    0.00000e+00   -7.49679e+02    3.41709e+04
   Total Energy  Conserved En.    Temperature Pres. DC (bar) Pressure (bar)
    3.34212e+04    2.78083e+06    2.95883e+02   -1.86779e+00    4.51170e+01

          Box-X          Box-Y          Box-Z
    2.28491e+02    2.28491e+02    2.28491e+02

   Total Virial (kJ/mol)
   -4.74884e+02    1.70414e+00   -2.81980e-01
    1.70430e+00   -4.73054e+02   -1.75898e-01
   -2.81052e-01   -1.75923e-01   -4.71676e+02

   Pressure (bar)
    4.51177e+01    2.57546e-02    2.40575e-02
    2.57574e-02    4.51162e+01    2.58962e-02
    2.40010e-02    2.58999e-02    4.51171e+01


	M E G A - F L O P S   A C C O U N T I N G

 NB=Group-cutoff nonbonded kernels    NxN=N-by-N cluster Verlet kernels
 RF=Reaction-Field  VdW=Van der Waals  QSTab=quadratic-spline table
 W3=SPC/TIP3p  W4=TIP4p (single or pairs)
 V&F=Potential and force  V=Potential only  F=Force only

 Computing:                               M-Number         M-Flops  % Flops
-----------------------------------------------------------------------------
 Pair Search distance check              89.625718         806.631     0.8
 NxN LJ [F]                            3052.670544      100738.128    94.8
 NxN LJ [V&F]                            30.873008        1327.539     1.2
 Shift-X                                  4.639761          27.839     0.0
 Virial                                  46.539306         837.708     0.8
 Stop-CM                                  4.639761          46.398     0.0
 Calc-Ekin                               92.628522        2500.970     2.4
-----------------------------------------------------------------------------
 Total                                                  106285.213   100.0
-----------------------------------------------------------------------------


     R E A L   C Y C L E   A N D   T I M E   A C C O U N T I N G

On 1 MPI rank, each using 8 OpenMP threads

 Computing:          Num   Num      Call    Wall time         Giga-Cycles
                     Ranks Threads  Count      (s)         total sum    %
-----------------------------------------------------------------------------
 Neighbor search        1    8        501       0.249          4.567   2.4
 Force                  1    8      50001       3.010         55.279  29.5
 NB X/F buffer ops.     1    8      99501       2.466         45.281  24.2
 Write traj.            1    8        101       2.738         50.284  26.9
 Update                 1    8      50001       1.112         20.419  10.9
 Rest                                           0.618         11.358   6.1
-----------------------------------------------------------------------------
 Total                                         10.193        187.187 100.0
-----------------------------------------------------------------------------

               Core t (s)   Wall t (s)        (%)
       Time:       81.540       10.193      800.0
                 (ns/day)    (hour/ns)
Performance:      847.694        0.028
Finished mdrun on rank 0 Sun Jun  5 18:14:59 2022

