                      :-) GROMACS - gmx mdrun, 2019.6 (-:

                            GROMACS is written by:
     Emile Apol      Rossen Apostolov      Paul Bauer     Herman J.C. Berendsen
    Par Bjelkmar      Christian Blau   Viacheslav Bolnykh     Kevin Boyd    
 Aldert van Buuren   Rudi van Drunen     Anton Feenstra       Alan Gray     
  Gerrit Groenhof     Anca Hamuraru    Vincent Hindriksen  M. Eric Irrgang  
  Aleksei Iupinov   Christoph Junghans     Joe Jordan     Dimitrios Karkoulis
    Peter Kasson        Jiri Kraus      Carsten Kutzner      Per Larsson    
  Justin A. Lemkul    Viveca Lindahl    Magnus Lundborg     Erik Marklund   
    Pascal Merz     Pieter Meulenhoff    Teemu Murtola       Szilard Pall   
    Sander Pronk      Roland Schulz      Michael Shirts    Alexey Shvetsov  
   Alfons Sijbers     Peter Tieleman      Jon Vincent      Teemu Virolainen 
 Christian Wennberg    Maarten Wolf   
                           and the project leaders:
        Mark Abraham, Berk Hess, Erik Lindahl, and David van der Spoel

Copyright (c) 1991-2000, University of Groningen, The Netherlands.
Copyright (c) 2001-2018, The GROMACS development team at
Uppsala University, Stockholm University and
the Royal Institute of Technology, Sweden.
check out http://www.gromacs.org for more information.

GROMACS is free software; you can redistribute it and/or modify it
under the terms of the GNU Lesser General Public License
as published by the Free Software Foundation; either version 2.1
of the License, or (at your option) any later version.

GROMACS:      gmx mdrun, version 2019.6
Executable:   /home/naval/research/plumed/conda/envs/ISDD-tutorial-2021/bin/gmx
Data prefix:  /home/naval/research/plumed/conda/envs/ISDD-tutorial-2021
Working dir:  /home/naval/Research/ADP
Process ID:   30534
Command line:
  gmx mdrun -v -deffnm nvt

GROMACS version:    2019.6
Precision:          single
Memory model:       64 bit
MPI library:        none
OpenMP support:     enabled (GMX_OPENMP_MAX_THREADS = 64)
GPU support:        disabled
SIMD instructions:  SSE2
FFT library:        fftw-3.3.10-sse2-avx
RDTSCP usage:       disabled
TNG support:        enabled
Hwloc support:      hwloc-1.11.13
Tracing support:    disabled
C compiler:         /home/runner/opt/conda/conda-bld/gromacs_1614190271642/_build_env/bin/x86_64-conda-linux-gnu-cc GNU 9.3.0
C compiler flags:    -msse2   -march=nocona -mtune=haswell -ftree-vectorize -fPIC -fstack-protector-strong -fno-plt -O2 -ffunction-sections -pipe -isystem /home/naval/research/plumed/conda/envs/ISDD-tutorial-2021/include -fdebug-prefix-map=/home/runner/opt/conda/conda-bld/gromacs_1614190271642/work=/usr/local/src/conda/gromacs-2019.6 -fdebug-prefix-map=/home/naval/research/plumed/conda/envs/ISDD-tutorial-2021=/usr/local/src/conda-prefix  -O3 -DNDEBUG -funroll-all-loops -fexcess-precision=fast  
C++ compiler:       /home/runner/opt/conda/conda-bld/gromacs_1614190271642/_build_env/bin/x86_64-conda-linux-gnu-c++ GNU 9.3.0
C++ compiler flags:  -msse2   -fvisibility-inlines-hidden -std=c++17 -fmessage-length=0 -march=nocona -mtune=haswell -ftree-vectorize -fPIC -fstack-protector-strong -fno-plt -O2 -ffunction-sections -pipe -isystem /home/naval/research/plumed/conda/envs/ISDD-tutorial-2021/include -fdebug-prefix-map=/home/runner/opt/conda/conda-bld/gromacs_1614190271642/work=/usr/local/src/conda/gromacs-2019.6 -fdebug-prefix-map=/home/naval/research/plumed/conda/envs/ISDD-tutorial-2021=/usr/local/src/conda-prefix -std=c++11   -O3 -DNDEBUG -funroll-all-loops -fexcess-precision=fast  


Running on 1 node with total 4 cores, 8 logical cores
Hardware detected:
  CPU info:
    Vendor: AMD
    Brand:  AMD Ryzen 7 3750H with Radeon Vega Mobile Gfx  
    Family: 23   Model: 24   Stepping: 1
    Features: aes amd apic avx avx2 clfsh cmov cx8 cx16 f16c fma htt lahf misalignsse mmx msr nonstop_tsc pclmuldq pdpe1gb popcnt pse rdrnd rdtscp sha sse2 sse3 sse4a sse4.1 sse4.2 ssse3
  Hardware topology: Full, with devices
    Sockets, cores, and logical processors:
      Socket  0: [   0   1] [   2   3] [   4   5] [   6   7]
    Numa nodes:
      Node  0 (14649196544 bytes mem):   0   1   2   3   4   5   6   7
      Latency:
               0
         0  1.00
    Caches:
      L1: 32768 bytes, linesize 64 bytes, assoc. 8, shared 2 ways
      L2: 524288 bytes, linesize 64 bytes, assoc. 8, shared 2 ways
      L3: 4194304 bytes, linesize 64 bytes, assoc. 16, shared 8 ways
    PCI devices:
      0000:03:00.0  Id: 1002:7340  Class: 0x0380  Numa: 0
      0000:04:00.0  Id: 1179:0113  Class: 0x0108  Numa: 0
      0000:05:00.0  Id: 10ec:c822  Class: 0x0280  Numa: 0
      0000:06:00.0  Id: 10ec:2600  Class: 0x0200  Numa: 0
      0000:07:00.0  Id: 1002:15d8  Class: 0x0300  Numa: 0
      0000:08:00.0  Id: 1022:7901  Class: 0x0106  Numa: 0

Highest SIMD level requested by all nodes in run: AVX2_128
SIMD instructions selected at compile time:       SSE2
This program was compiled for different hardware than you are running on,
which could influence performance.
The current CPU can measure timings more accurately than the code in
gmx mdrun was configured to use. This might affect your simulation
speed as accurate timings are needed for load-balancing.
Please consider rebuilding gmx mdrun with the GMX_USE_RDTSCP=ON CMake option.

++++ PLEASE READ AND CITE THE FOLLOWING REFERENCE ++++
M. J. Abraham, T. Murtola, R. Schulz, S. Páll, J. C. Smith, B. Hess, E.
Lindahl
GROMACS: High performance molecular simulations through multi-level
parallelism from laptops to supercomputers
SoftwareX 1 (2015) pp. 19-25
-------- -------- --- Thank You --- -------- --------


++++ PLEASE READ AND CITE THE FOLLOWING REFERENCE ++++
S. Páll, M. J. Abraham, C. Kutzner, B. Hess, E. Lindahl
Tackling Exascale Software Challenges in Molecular Dynamics Simulations with
GROMACS
In S. Markidis & E. Laure (Eds.), Solving Software Challenges for Exascale 8759 (2015) pp. 3-27
-------- -------- --- Thank You --- -------- --------


++++ PLEASE READ AND CITE THE FOLLOWING REFERENCE ++++
S. Pronk, S. Páll, R. Schulz, P. Larsson, P. Bjelkmar, R. Apostolov, M. R.
Shirts, J. C. Smith, P. M. Kasson, D. van der Spoel, B. Hess, and E. Lindahl
GROMACS 4.5: a high-throughput and highly parallel open source molecular
simulation toolkit
Bioinformatics 29 (2013) pp. 845-54
-------- -------- --- Thank You --- -------- --------


++++ PLEASE READ AND CITE THE FOLLOWING REFERENCE ++++
B. Hess and C. Kutzner and D. van der Spoel and E. Lindahl
GROMACS 4: Algorithms for highly efficient, load-balanced, and scalable
molecular simulation
J. Chem. Theory Comput. 4 (2008) pp. 435-447
-------- -------- --- Thank You --- -------- --------


++++ PLEASE READ AND CITE THE FOLLOWING REFERENCE ++++
D. van der Spoel, E. Lindahl, B. Hess, G. Groenhof, A. E. Mark and H. J. C.
Berendsen
GROMACS: Fast, Flexible and Free
J. Comp. Chem. 26 (2005) pp. 1701-1719
-------- -------- --- Thank You --- -------- --------


++++ PLEASE READ AND CITE THE FOLLOWING REFERENCE ++++
E. Lindahl and B. Hess and D. van der Spoel
GROMACS 3.0: A package for molecular simulation and trajectory analysis
J. Mol. Mod. 7 (2001) pp. 306-317
-------- -------- --- Thank You --- -------- --------


++++ PLEASE READ AND CITE THE FOLLOWING REFERENCE ++++
H. J. C. Berendsen, D. van der Spoel and R. van Drunen
GROMACS: A message-passing parallel molecular dynamics implementation
Comp. Phys. Comm. 91 (1995) pp. 43-56
-------- -------- --- Thank You --- -------- --------


++++ PLEASE CITE THE DOI FOR THIS VERSION OF GROMACS ++++
https://doi.org/10.5281/zenodo.3685922
-------- -------- --- Thank You --- -------- --------

Input Parameters:
   integrator                     = md
   tinit                          = 0
   dt                             = 0.002
   nsteps                         = 100000
   init-step                      = 0
   simulation-part                = 1
   comm-mode                      = Linear
   nstcomm                        = 100
   bd-fric                        = 0
   ld-seed                        = 689271775
   emtol                          = 10
   emstep                         = 0.01
   niter                          = 20
   fcstep                         = 0
   nstcgsteep                     = 1000
   nbfgscorr                      = 10
   rtpi                           = 0.05
   nstxout                        = 500
   nstvout                        = 500
   nstfout                        = 0
   nstlog                         = 500
   nstcalcenergy                  = 100
   nstenergy                      = 500
   nstxout-compressed             = 0
   compressed-x-precision         = 1000
   cutoff-scheme                  = Verlet
   nstlist                        = 10
   ns-type                        = Grid
   pbc                            = xyz
   periodic-molecules             = false
   verlet-buffer-tolerance        = 0.005
   rlist                          = 1
   coulombtype                    = PME
   coulomb-modifier               = Potential-shift
   rcoulomb-switch                = 0
   rcoulomb                       = 1
   epsilon-r                      = 1
   epsilon-rf                     = inf
   vdw-type                       = Cut-off
   vdw-modifier                   = Potential-shift
   rvdw-switch                    = 0
   rvdw                           = 1
   DispCorr                       = EnerPres
   table-extension                = 1
   fourierspacing                 = 0.16
   fourier-nx                     = 64
   fourier-ny                     = 64
   fourier-nz                     = 64
   pme-order                      = 4
   ewald-rtol                     = 1e-05
   ewald-rtol-lj                  = 0.001
   lj-pme-comb-rule               = Geometric
   ewald-geometry                 = 0
   epsilon-surface                = 0
   tcoupl                         = Nose-Hoover
   nsttcouple                     = 10
   nh-chain-length                = 1
   print-nose-hoover-chain-variables = false
   pcoupl                         = No
   pcoupltype                     = Isotropic
   nstpcouple                     = -1
   tau-p                          = 1
   compressibility (3x3):
      compressibility[    0]={ 0.00000e+00,  0.00000e+00,  0.00000e+00}
      compressibility[    1]={ 0.00000e+00,  0.00000e+00,  0.00000e+00}
      compressibility[    2]={ 0.00000e+00,  0.00000e+00,  0.00000e+00}
   ref-p (3x3):
      ref-p[    0]={ 0.00000e+00,  0.00000e+00,  0.00000e+00}
      ref-p[    1]={ 0.00000e+00,  0.00000e+00,  0.00000e+00}
      ref-p[    2]={ 0.00000e+00,  0.00000e+00,  0.00000e+00}
   refcoord-scaling               = No
   posres-com (3):
      posres-com[0]= 0.00000e+00
      posres-com[1]= 0.00000e+00
      posres-com[2]= 0.00000e+00
   posres-comB (3):
      posres-comB[0]= 0.00000e+00
      posres-comB[1]= 0.00000e+00
      posres-comB[2]= 0.00000e+00
   QMMM                           = false
   QMconstraints                  = 0
   QMMMscheme                     = 0
   MMChargeScaleFactor            = 1
qm-opts:
   ngQM                           = 0
   constraint-algorithm           = Lincs
   continuation                   = false
   Shake-SOR                      = false
   shake-tol                      = 0.0001
   lincs-order                    = 4
   lincs-iter                     = 1
   lincs-warnangle                = 30
   nwall                          = 0
   wall-type                      = 9-3
   wall-r-linpot                  = -1
   wall-atomtype[0]               = -1
   wall-atomtype[1]               = -1
   wall-density[0]                = 0
   wall-density[1]                = 0
   wall-ewald-zfac                = 3
   pull                           = false
   awh                            = false
   rotation                       = false
   interactiveMD                  = false
   disre                          = No
   disre-weighting                = Conservative
   disre-mixed                    = false
   dr-fc                          = 1000
   dr-tau                         = 0
   nstdisreout                    = 100
   orire-fc                       = 0
   orire-tau                      = 0
   nstorireout                    = 100
   free-energy                    = no
   cos-acceleration               = 0
   deform (3x3):
      deform[    0]={ 0.00000e+00,  0.00000e+00,  0.00000e+00}
      deform[    1]={ 0.00000e+00,  0.00000e+00,  0.00000e+00}
      deform[    2]={ 0.00000e+00,  0.00000e+00,  0.00000e+00}
   simulated-tempering            = false
   swapcoords                     = no
   userint1                       = 0
   userint2                       = 0
   userint3                       = 0
   userint4                       = 0
   userreal1                      = 0
   userreal2                      = 0
   userreal3                      = 0
   userreal4                      = 0
   applied-forces:
     electric-field:
       x:
         E0                       = 0
         omega                    = 0
         t0                       = 0
         sigma                    = 0
       y:
         E0                       = 0
         omega                    = 0
         t0                       = 0
         sigma                    = 0
       z:
         E0                       = 0
         omega                    = 0
         t0                       = 0
         sigma                    = 0
grpopts:
   nrdf:       53997
   ref-t:         235
   tau-t:           2
annealing:          No
annealing-npoints:           0
   acc:	           0           0           0
   nfreeze:           N           N           N
   energygrp-flags[  0]: 0

Changing nstlist from 10 to 100, rlist from 1 to 1


Using 8 OpenMP threads 

Pinning threads with an auto-selected logical core stride of 1
System total charge: 0.000
Will do PME sum in reciprocal space for electrostatic interactions.

++++ PLEASE READ AND CITE THE FOLLOWING REFERENCE ++++
U. Essmann, L. Perera, M. L. Berkowitz, T. Darden, H. Lee and L. G. Pedersen 
A smooth particle mesh Ewald method
J. Chem. Phys. 103 (1995) pp. 8577-8592
-------- -------- --- Thank You --- -------- --------

Using a Gaussian width (1/beta) of 0.320163 nm for Ewald
Potential shift: LJ r^-12: -1.000e+00 r^-6: -1.000e+00, Ewald -1.000e-05
Initialized non-bonded Ewald correction tables, spacing: 9.33e-04 size: 1073

Long Range LJ corr.: <C6> 7.8256e-04
Generated table with 1000 data points for Ewald.
Tabscale = 500 points/nm
Generated table with 1000 data points for LJ6.
Tabscale = 500 points/nm
Generated table with 1000 data points for LJ12.
Tabscale = 500 points/nm
Generated table with 1000 data points for 1-4 COUL.
Tabscale = 500 points/nm
Generated table with 1000 data points for 1-4 LJ6.
Tabscale = 500 points/nm
Generated table with 1000 data points for 1-4 LJ12.
Tabscale = 500 points/nm

Using SIMD 4x4 nonbonded short-range kernels

Using a 4x4 pair-list setup:
  updated every 100 steps, buffer 0.000 nm, rlist 1.000 nm
At tolerance 0.005 kJ/mol/ps per atom, equivalent classical 1x1 list would be:
  updated every 100 steps, buffer 0.105 nm, rlist 1.105 nm

Using Lorentz-Berthelot Lennard-Jones combination rule

Removing pbc first time

Initializing LINear Constraint Solver

++++ PLEASE READ AND CITE THE FOLLOWING REFERENCE ++++
B. Hess and H. Bekker and H. J. C. Berendsen and J. G. E. M. Fraaije
LINCS: A Linear Constraint Solver for molecular simulations
J. Comp. Chem. 18 (1997) pp. 1463-1472
-------- -------- --- Thank You --- -------- --------

The number of constraints is 12000
Center of mass motion removal mode is Linear
We have the following groups for center of mass motion removal:
  0:  rest
There are: 22000 Atoms

Constraining the starting coordinates (step 0)

Constraining the coordinates at t0-dt (step 0)
RMS relative constraint deviation after constraining: 4.07e-06
Initial temperature: 299.813 K

Started mdrun on rank 0 Fri Jun 17 00:44:57 2022

           Step           Time
              0        0.00000

   Energies (kJ/mol)
           Bond          Angle    Proper Dih.  Improper Dih.          LJ-14
    1.32186e+03    2.10546e+03    3.97544e+04    4.44905e+02    1.17522e+04
     Coulomb-14        LJ (SR)  Disper. corr.   Coulomb (SR)   Coul. recip.
    1.98682e+05   -1.44187e+04   -1.57793e+03   -3.26780e+05    1.16421e+04
 Position Rest.      Potential    Kinetic En.   Total Energy  Conserved En.
    6.79217e-03   -7.70743e+04    6.73644e+04   -9.70991e+03   -9.70991e+03
    Temperature Pres. DC (bar) Pressure (bar)   Constr. rmsd
    3.00094e+02   -2.63451e+01    1.84110e+02    4.10413e-06

           Step           Time
            500        1.00000

   Energies (kJ/mol)
           Bond          Angle    Proper Dih.  Improper Dih.          LJ-14
    1.21119e+04    3.50027e+04    4.68832e+04    3.05361e+03    1.42976e+04
     Coulomb-14        LJ (SR)  Disper. corr.   Coulomb (SR)   Coul. recip.
    1.98460e+05   -1.29791e+04   -1.57793e+03   -3.28529e+05    1.07025e+04
 Position Rest.      Potential    Kinetic En.   Total Energy  Conserved En.
    1.44881e+04   -8.08592e+03    7.00929e+04    6.20069e+04   -6.84021e+03
    Temperature Pres. DC (bar) Pressure (bar)   Constr. rmsd
    3.12248e+02   -2.63451e+01    1.68158e+02    4.77023e-06

           Step           Time
           1000        2.00000

   Energies (kJ/mol)
           Bond          Angle    Proper Dih.  Improper Dih.          LJ-14
    7.61537e+03    2.01784e+04    4.38239e+04    1.68234e+03    1.27603e+04
     Coulomb-14        LJ (SR)  Disper. corr.   Coulomb (SR)   Coul. recip.
    1.98279e+05   -1.38816e+04   -1.57793e+03   -3.28797e+05    1.01783e+04
 Position Rest.      Potential    Kinetic En.   Total Energy  Conserved En.
    6.91477e+03   -4.28244e+04    3.64086e+04   -6.41572e+03   -6.29890e+03
    Temperature Pres. DC (bar) Pressure (bar)   Constr. rmsd
    1.62192e+02   -2.63451e+01   -2.63086e+02    2.97237e-06

           Step           Time
           1500        3.00000

   Energies (kJ/mol)
           Bond          Angle    Proper Dih.  Improper Dih.          LJ-14
    1.28166e+04    3.70167e+04    4.71230e+04    3.08769e+03    1.37358e+04
     Coulomb-14        LJ (SR)  Disper. corr.   Coulomb (SR)   Coul. recip.
    1.98127e+05   -1.29435e+04   -1.57793e+03   -3.28401e+05    1.04879e+04
 Position Rest.      Potential    Kinetic En.   Total Energy  Conserved En.
    1.06547e+04   -9.87303e+03    7.47911e+04    6.49180e+04   -6.11130e+03
    Temperature Pres. DC (bar) Pressure (bar)   Constr. rmsd
    3.33178e+02   -2.63451e+01   -1.08186e+02    4.71245e-06

           Step           Time
           2000        4.00000

   Energies (kJ/mol)
           Bond          Angle    Proper Dih.  Improper Dih.          LJ-14
    7.22751e+03    1.99435e+04    4.36234e+04    1.69700e+03    1.27890e+04
     Coulomb-14        LJ (SR)  Disper. corr.   Coulomb (SR)   Coul. recip.
    1.98603e+05   -1.38122e+04   -1.57793e+03   -3.29036e+05    1.02828e+04
 Position Rest.      Potential    Kinetic En.   Total Energy  Conserved En.
    7.27169e+03   -4.29888e+04    3.56145e+04   -7.37427e+03   -5.40880e+03
    Temperature Pres. DC (bar) Pressure (bar)   Constr. rmsd
    1.58655e+02   -2.63451e+01   -2.81822e+02    2.89774e-06

           Step           Time
           2500        5.00000

   Energies (kJ/mol)
           Bond          Angle    Proper Dih.  Improper Dih.          LJ-14
    1.35304e+04    3.72254e+04    4.69429e+04    3.05203e+03    1.39738e+04
     Coulomb-14        LJ (SR)  Disper. corr.   Coulomb (SR)   Coul. recip.
    1.98024e+05   -1.29610e+04   -1.57793e+03   -3.28157e+05    1.06104e+04
 Position Rest.      Potential    Kinetic En.   Total Energy  Conserved En.
    1.16048e+04   -7.73325e+03    7.40247e+04    6.62915e+04   -5.24658e+03
    Temperature Pres. DC (bar) Pressure (bar)   Constr. rmsd
    3.29764e+02   -2.63451e+01   -3.11103e+02    4.60101e-06

           Step           Time
           3000        6.00000

   Energies (kJ/mol)
           Bond          Angle    Proper Dih.  Improper Dih.          LJ-14
    7.13179e+03    1.96746e+04    4.37368e+04    1.69428e+03    1.27427e+04
     Coulomb-14        LJ (SR)  Disper. corr.   Coulomb (SR)   Coul. recip.
    1.98409e+05   -1.38298e+04   -1.57793e+03   -3.28846e+05    1.02249e+04
 Position Rest.      Potential    Kinetic En.   Total Energy  Conserved En.
    6.31218e+03   -4.43266e+04    3.62248e+04   -8.10181e+03   -4.47924e+03
    Temperature Pres. DC (bar) Pressure (bar)   Constr. rmsd
    1.61373e+02   -2.63451e+01   -2.99666e+02    2.90664e-06

           Step           Time
           3500        7.00000

   Energies (kJ/mol)
           Bond          Angle    Proper Dih.  Improper Dih.          LJ-14
    1.32369e+04    3.78648e+04    4.73656e+04    3.26576e+03    1.38801e+04
     Coulomb-14        LJ (SR)  Disper. corr.   Coulomb (SR)   Coul. recip.
    1.97893e+05   -1.29620e+04   -1.57793e+03   -3.28182e+05    1.05227e+04
 Position Rest.      Potential    Kinetic En.   Total Energy  Conserved En.
    1.24546e+04   -6.23835e+03    7.36052e+04    6.73669e+04   -4.43341e+03
    Temperature Pres. DC (bar) Pressure (bar)   Constr. rmsd
    3.27895e+02   -2.63451e+01   -9.13093e+01    4.72943e-06

           Step           Time
           4000        8.00000

   Energies (kJ/mol)
           Bond          Angle    Proper Dih.  Improper Dih.          LJ-14
    7.06658e+03    1.89913e+04    4.36681e+04    1.67205e+03    1.27987e+04
     Coulomb-14        LJ (SR)  Disper. corr.   Coulomb (SR)   Coul. recip.
    1.98445e+05   -1.36661e+04   -1.57793e+03   -3.29040e+05    1.02253e+04
 Position Rest.      Potential    Kinetic En.   Total Energy  Conserved En.
    6.40058e+03   -4.50165e+04    3.60141e+04   -9.00241e+03   -3.44681e+03
    Temperature Pres. DC (bar) Pressure (bar)   Constr. rmsd
    1.60435e+02   -2.63451e+01   -7.59462e+01    2.91690e-06

           Step           Time
           4500        9.00000

   Energies (kJ/mol)
           Bond          Angle    Proper Dih.  Improper Dih.          LJ-14
    1.35648e+04    3.82170e+04    4.71236e+04    3.00210e+03    1.39541e+04
     Coulomb-14        LJ (SR)  Disper. corr.   Coulomb (SR)   Coul. recip.
    1.98409e+05   -1.29379e+04   -1.57793e+03   -3.28729e+05    1.04328e+04
 Position Rest.      Potential    Kinetic En.   Total Energy  Conserved En.
    1.13743e+04   -7.16756e+03    7.54901e+04    6.83226e+04   -3.40222e+03
    Temperature Pres. DC (bar) Pressure (bar)   Constr. rmsd
    3.36292e+02   -2.63451e+01   -2.71844e+02    4.56440e-06

           Step           Time
           5000       10.00000

   Energies (kJ/mol)
           Bond          Angle    Proper Dih.  Improper Dih.          LJ-14
    6.96400e+03    1.93552e+04    4.35834e+04    1.66894e+03    1.27465e+04
     Coulomb-14        LJ (SR)  Disper. corr.   Coulomb (SR)   Coul. recip.
    1.98665e+05   -1.37191e+04   -1.57793e+03   -3.29235e+05    1.02025e+04
 Position Rest.      Potential    Kinetic En.   Total Energy  Conserved En.
    6.95679e+03   -4.43897e+04    3.46415e+04   -9.74820e+03   -2.28794e+03
    Temperature Pres. DC (bar) Pressure (bar)   Constr. rmsd
    1.54320e+02   -2.63451e+01   -2.76549e+02    2.90193e-06

           Step           Time
           5500       11.00000

   Energies (kJ/mol)
           Bond          Angle    Proper Dih.  Improper Dih.          LJ-14
    1.36378e+04    3.87356e+04    4.75097e+04    3.15940e+03    1.39712e+04
     Coulomb-14        LJ (SR)  Disper. corr.   Coulomb (SR)   Coul. recip.
    1.98079e+05   -1.29794e+04   -1.57793e+03   -3.28395e+05    1.05201e+04
 Position Rest.      Potential    Kinetic En.   Total Energy  Conserved En.
    1.11717e+04   -6.16758e+03    7.55248e+04    6.93572e+04   -2.38278e+03
    Temperature Pres. DC (bar) Pressure (bar)   Constr. rmsd
    3.36446e+02   -2.63451e+01   -1.29510e+02    4.67700e-06

           Step           Time
           6000       12.00000

   Energies (kJ/mol)
           Bond          Angle    Proper Dih.  Improper Dih.          LJ-14
    6.93094e+03    1.90482e+04    4.35235e+04    1.66604e+03    1.28090e+04
     Coulomb-14        LJ (SR)  Disper. corr.   Coulomb (SR)   Coul. recip.
    1.98478e+05   -1.38456e+04   -1.57793e+03   -3.29003e+05    1.02645e+04
 Position Rest.      Potential    Kinetic En.   Total Energy  Conserved En.
    6.55454e+03   -4.51523e+04    3.46933e+04   -1.04590e+04   -1.04770e+03
    Temperature Pres. DC (bar) Pressure (bar)   Constr. rmsd
    1.54551e+02   -2.63451e+01   -2.52362e+02    2.90051e-06

           Step           Time
           6500       13.00000

   Energies (kJ/mol)
           Bond          Angle    Proper Dih.  Improper Dih.          LJ-14
    1.33688e+04    3.81669e+04    4.73373e+04    3.16197e+03    1.41357e+04
     Coulomb-14        LJ (SR)  Disper. corr.   Coulomb (SR)   Coul. recip.
    1.98273e+05   -1.30343e+04   -1.57793e+03   -3.28610e+05    1.04596e+04
 Position Rest.      Potential    Kinetic En.   Total Energy  Conserved En.
    1.24178e+04   -5.90142e+03    7.59132e+04    7.00117e+04   -1.36795e+03
    Temperature Pres. DC (bar) Pressure (bar)   Constr. rmsd
    3.38176e+02   -2.63451e+01   -8.44319e+01    4.82401e-06

           Step           Time
           7000       14.00000

   Energies (kJ/mol)
           Bond          Angle    Proper Dih.  Improper Dih.          LJ-14
    6.93501e+03    1.88236e+04    4.34707e+04    1.61550e+03    1.26983e+04
     Coulomb-14        LJ (SR)  Disper. corr.   Coulomb (SR)   Coul. recip.
    1.98662e+05   -1.37844e+04   -1.57793e+03   -3.29231e+05    1.02686e+04
 Position Rest.      Potential    Kinetic En.   Total Energy  Conserved En.
    6.22751e+03   -4.58922e+04    3.45905e+04   -1.13016e+04    2.37806e+02
    Temperature Pres. DC (bar) Pressure (bar)   Constr. rmsd
    1.54093e+02   -2.63451e+01   -1.23082e+02    2.90958e-06

           Step           Time
           7500       15.00000

   Energies (kJ/mol)
           Bond          Angle    Proper Dih.  Improper Dih.          LJ-14
    1.42468e+04    3.80979e+04    4.75554e+04    3.26444e+03    1.38749e+04
     Coulomb-14        LJ (SR)  Disper. corr.   Coulomb (SR)   Coul. recip.
    1.98094e+05   -1.30153e+04   -1.57793e+03   -3.28299e+05    1.04389e+04
 Position Rest.      Potential    Kinetic En.   Total Energy  Conserved En.
    1.19046e+04   -5.41620e+03    7.61685e+04    7.07523e+04   -1.30609e+02
    Temperature Pres. DC (bar) Pressure (bar)   Constr. rmsd
    3.39314e+02   -2.63451e+01   -4.85856e+02    4.68809e-06

           Step           Time
           8000       16.00000

   Energies (kJ/mol)
           Bond          Angle    Proper Dih.  Improper Dih.          LJ-14
    6.83223e+03    1.85674e+04    4.34346e+04    1.63219e+03    1.27295e+04
     Coulomb-14        LJ (SR)  Disper. corr.   Coulomb (SR)   Coul. recip.
    1.98453e+05   -1.38161e+04   -1.57793e+03   -3.29160e+05    1.02300e+04
 Position Rest.      Potential    Kinetic En.   Total Energy  Conserved En.
    6.59618e+03   -4.60796e+04    3.40720e+04   -1.20076e+04    1.61923e+03
    Temperature Pres. DC (bar) Pressure (bar)   Constr. rmsd
    1.51783e+02   -2.63451e+01   -1.76338e+02    2.89433e-06

           Step           Time
           8500       17.00000

   Energies (kJ/mol)
           Bond          Angle    Proper Dih.  Improper Dih.          LJ-14
    1.38751e+04    3.91916e+04    4.70636e+04    3.06641e+03    1.41332e+04
     Coulomb-14        LJ (SR)  Disper. corr.   Coulomb (SR)   Coul. recip.
    1.97906e+05   -1.27397e+04   -1.57793e+03   -3.28140e+05    1.05422e+04
 Position Rest.      Potential    Kinetic En.   Total Energy  Conserved En.
    1.12696e+04   -5.40958e+03    7.68108e+04    7.14012e+04    1.19610e+03
    Temperature Pres. DC (bar) Pressure (bar)   Constr. rmsd
    3.42175e+02   -2.63451e+01    2.75006e+01    4.77127e-06

           Step           Time
           9000       18.00000

   Energies (kJ/mol)
           Bond          Angle    Proper Dih.  Improper Dih.          LJ-14
    6.85828e+03    1.84841e+04    4.33215e+04    1.62580e+03    1.28175e+04
     Coulomb-14        LJ (SR)  Disper. corr.   Coulomb (SR)   Coul. recip.
    1.98724e+05   -1.38223e+04   -1.57793e+03   -3.29217e+05    1.02788e+04
 Position Rest.      Potential    Kinetic En.   Total Energy  Conserved En.
    6.33494e+03   -4.61725e+04    3.35020e+04   -1.26705e+04    3.10620e+03
    Temperature Pres. DC (bar) Pressure (bar)   Constr. rmsd
    1.49244e+02   -2.63451e+01   -4.14026e+02    2.86182e-06

           Step           Time
           9500       19.00000

   Energies (kJ/mol)
           Bond          Angle    Proper Dih.  Improper Dih.          LJ-14
    1.38216e+04    3.93570e+04    4.76155e+04    3.14121e+03    1.40598e+04
     Coulomb-14        LJ (SR)  Disper. corr.   Coulomb (SR)   Coul. recip.
    1.97948e+05   -1.29560e+04   -1.57793e+03   -3.28282e+05    1.05430e+04
 Position Rest.      Potential    Kinetic En.   Total Energy  Conserved En.
    1.20006e+04   -4.32915e+03    7.69429e+04    7.26138e+04    2.59694e+03
    Temperature Pres. DC (bar) Pressure (bar)   Constr. rmsd
    3.42764e+02   -2.63451e+01   -1.41732e+02    5.03774e-06

           Step           Time
          10000       20.00000

   Energies (kJ/mol)
           Bond          Angle    Proper Dih.  Improper Dih.          LJ-14
    6.87236e+03    1.83043e+04    4.32961e+04    1.60019e+03    1.27472e+04
     Coulomb-14        LJ (SR)  Disper. corr.   Coulomb (SR)   Coul. recip.
    1.98246e+05   -1.37322e+04   -1.57793e+03   -3.28936e+05    1.02246e+04
 Position Rest.      Potential    Kinetic En.   Total Energy  Conserved En.
    6.02990e+03   -4.69259e+04    3.34003e+04   -1.35256e+04    4.70208e+03
    Temperature Pres. DC (bar) Pressure (bar)   Constr. rmsd
    1.48791e+02   -2.63451e+01   -1.20891e+02    2.87424e-06

           Step           Time
          10500       21.00000

   Energies (kJ/mol)
           Bond          Angle    Proper Dih.  Improper Dih.          LJ-14
    1.41934e+04    3.93088e+04    4.74738e+04    3.13880e+03    1.39027e+04
     Coulomb-14        LJ (SR)  Disper. corr.   Coulomb (SR)   Coul. recip.
    1.97963e+05   -1.29460e+04   -1.57793e+03   -3.28277e+05    1.04534e+04
 Position Rest.      Potential    Kinetic En.   Total Energy  Conserved En.
    1.21297e+04   -4.23681e+03    7.74986e+04    7.32618e+04    4.06514e+03
    Temperature Pres. DC (bar) Pressure (bar)   Constr. rmsd
    3.45239e+02   -2.63451e+01   -3.17788e+02    5.10526e-06

           Step           Time
          11000       22.00000

   Energies (kJ/mol)
           Bond          Angle    Proper Dih.  Improper Dih.          LJ-14
    6.82460e+03    1.79912e+04    4.32091e+04    1.61016e+03    1.25640e+04
     Coulomb-14        LJ (SR)  Disper. corr.   Coulomb (SR)   Coul. recip.
    1.98105e+05   -1.38127e+04   -1.57793e+03   -3.28811e+05    1.02820e+04
 Position Rest.      Potential    Kinetic En.   Total Energy  Conserved En.
    6.13537e+03   -4.74804e+04    3.28918e+04   -1.45886e+04    6.38922e+03
    Temperature Pres. DC (bar) Pressure (bar)   Constr. rmsd
    1.46526e+02   -2.63451e+01   -3.50729e+02    2.83546e-06

           Step           Time
          11500       23.00000

   Energies (kJ/mol)
           Bond          Angle    Proper Dih.  Improper Dih.          LJ-14
    1.39875e+04    3.98255e+04    4.72491e+04    3.24007e+03    1.39961e+04
     Coulomb-14        LJ (SR)  Disper. corr.   Coulomb (SR)   Coul. recip.
    1.97865e+05   -1.29834e+04   -1.57793e+03   -3.28148e+05    1.04630e+04
 Position Rest.      Potential    Kinetic En.   Total Energy  Conserved En.
    1.15312e+04   -4.55157e+03    7.80177e+04    7.34661e+04    5.68838e+03
    Temperature Pres. DC (bar) Pressure (bar)   Constr. rmsd
    3.47552e+02   -2.63451e+01    1.03163e+02    4.66934e-06

           Step           Time
          12000       24.00000

   Energies (kJ/mol)
           Bond          Angle    Proper Dih.  Improper Dih.          LJ-14
    6.64801e+03    1.82926e+04    4.33682e+04    1.61317e+03    1.26219e+04
     Coulomb-14        LJ (SR)  Disper. corr.   Coulomb (SR)   Coul. recip.
    1.98686e+05   -1.39468e+04   -1.57793e+03   -3.29232e+05    1.01580e+04
 Position Rest.      Potential    Kinetic En.   Total Energy  Conserved En.
    6.11377e+03   -4.72552e+04    3.21925e+04   -1.50627e+04    8.16531e+03
    Temperature Pres. DC (bar) Pressure (bar)   Constr. rmsd
    1.43411e+02   -2.63451e+01   -3.27537e+02    2.85097e-06

           Step           Time
          12500       25.00000

   Energies (kJ/mol)
           Bond          Angle    Proper Dih.  Improper Dih.          LJ-14
    1.40789e+04    4.02853e+04    4.74110e+04    3.24984e+03    1.40554e+04
     Coulomb-14        LJ (SR)  Disper. corr.   Coulomb (SR)   Coul. recip.
    1.97941e+05   -1.30549e+04   -1.57793e+03   -3.28335e+05    1.05810e+04
 Position Rest.      Potential    Kinetic En.   Total Energy  Conserved En.
    1.14660e+04   -3.89934e+03    7.79870e+04    7.40877e+04    7.42137e+03
    Temperature Pres. DC (bar) Pressure (bar)   Constr. rmsd
    3.47415e+02   -2.63451e+01   -3.15535e+02    4.78703e-06

           Step           Time
          13000       26.00000

   Energies (kJ/mol)
           Bond          Angle    Proper Dih.  Improper Dih.          LJ-14
    6.55470e+03    1.77032e+04    4.33051e+04    1.61051e+03    1.26874e+04
     Coulomb-14        LJ (SR)  Disper. corr.   Coulomb (SR)   Coul. recip.
    1.98742e+05   -1.38185e+04   -1.57793e+03   -3.29415e+05    1.02134e+04
 Position Rest.      Potential    Kinetic En.   Total Energy  Conserved En.
    5.91272e+03   -4.80827e+04    3.21770e+04   -1.59057e+04    1.00207e+04
    Temperature Pres. DC (bar) Pressure (bar)   Constr. rmsd
    1.43342e+02   -2.63451e+01   -3.61319e+01    2.83263e-06

           Step           Time
          13500       27.00000

   Energies (kJ/mol)
           Bond          Angle    Proper Dih.  Improper Dih.          LJ-14
    1.45418e+04    3.97223e+04    4.77143e+04    3.32560e+03    1.38920e+04
     Coulomb-14        LJ (SR)  Disper. corr.   Coulomb (SR)   Coul. recip.
    1.97833e+05   -1.30092e+04   -1.57793e+03   -3.28159e+05    1.04665e+04
 Position Rest.      Potential    Kinetic En.   Total Energy  Conserved En.
    1.18797e+04   -3.37094e+03    7.81366e+04    7.47657e+04    9.22705e+03
    Temperature Pres. DC (bar) Pressure (bar)   Constr. rmsd
    3.48081e+02   -2.63451e+01   -3.19106e+02    4.80339e-06

           Step           Time
          14000       28.00000

   Energies (kJ/mol)
           Bond          Angle    Proper Dih.  Improper Dih.          LJ-14
    6.43496e+03    1.77667e+04    4.31786e+04    1.55392e+03    1.28088e+04
     Coulomb-14        LJ (SR)  Disper. corr.   Coulomb (SR)   Coul. recip.
    1.98591e+05   -1.38853e+04   -1.57793e+03   -3.29105e+05    1.02370e+04
 Position Rest.      Potential    Kinetic En.   Total Energy  Conserved En.
    5.88413e+03   -4.81125e+04    3.13941e+04   -1.67184e+04    1.20280e+04
    Temperature Pres. DC (bar) Pressure (bar)   Constr. rmsd
    1.39854e+02   -2.63451e+01   -2.53020e+02    2.86290e-06

           Step           Time
          14500       29.00000

   Energies (kJ/mol)
           Bond          Angle    Proper Dih.  Improper Dih.          LJ-14
    1.45692e+04    3.95112e+04    4.75345e+04    3.12433e+03    1.41410e+04
     Coulomb-14        LJ (SR)  Disper. corr.   Coulomb (SR)   Coul. recip.
    1.97795e+05   -1.29015e+04   -1.57793e+03   -3.28126e+05    1.04494e+04
 Position Rest.      Potential    Kinetic En.   Total Energy  Conserved En.
    1.16015e+04   -3.87932e+03    7.90173e+04    7.51380e+04    1.11512e+04
    Temperature Pres. DC (bar) Pressure (bar)   Constr. rmsd
    3.52005e+02   -2.63451e+01   -7.41486e+01    4.95831e-06

           Step           Time
          15000       30.00000

   Energies (kJ/mol)
           Bond          Angle    Proper Dih.  Improper Dih.          LJ-14
    6.67567e+03    1.74780e+04    4.31393e+04    1.53425e+03    1.26493e+04
     Coulomb-14        LJ (SR)  Disper. corr.   Coulomb (SR)   Coul. recip.
    1.98157e+05   -1.38798e+04   -1.57793e+03   -3.28856e+05    1.02540e+04
 Position Rest.      Potential    Kinetic En.   Total Energy  Conserved En.
    5.89366e+03   -4.85324e+04    3.10448e+04   -1.74877e+04    1.41374e+04
    Temperature Pres. DC (bar) Pressure (bar)   Constr. rmsd
    1.38298e+02   -2.63451e+01   -2.17286e+02    2.83194e-06

           Step           Time
          15500       31.00000

   Energies (kJ/mol)
           Bond          Angle    Proper Dih.  Improper Dih.          LJ-14
    1.45820e+04    4.00196e+04    4.77178e+04    3.31228e+03    1.40969e+04
     Coulomb-14        LJ (SR)  Disper. corr.   Coulomb (SR)   Coul. recip.
    1.97944e+05   -1.28463e+04   -1.57793e+03   -3.28249e+05    1.05026e+04
 Position Rest.      Potential    Kinetic En.   Total Energy  Conserved En.
    1.14181e+04   -3.07944e+03    7.88939e+04    7.58145e+04    1.31357e+04
    Temperature Pres. DC (bar) Pressure (bar)   Constr. rmsd
    3.51455e+02   -2.63451e+01   -2.45353e+02    4.89865e-06

           Step           Time
          16000       32.00000

   Energies (kJ/mol)
           Bond          Angle    Proper Dih.  Improper Dih.          LJ-14
    6.45404e+03    1.72652e+04    4.31263e+04    1.50949e+03    1.26257e+04
     Coulomb-14        LJ (SR)  Disper. corr.   Coulomb (SR)   Coul. recip.
    1.98571e+05   -1.38555e+04   -1.57793e+03   -3.29131e+05    1.02426e+04
 Position Rest.      Potential    Kinetic En.   Total Energy  Conserved En.
    5.70391e+03   -4.90658e+04    3.06311e+04   -1.84347e+04    1.62710e+04
    Temperature Pres. DC (bar) Pressure (bar)   Constr. rmsd
    1.36455e+02   -2.63451e+01   -2.85871e+02    2.81315e-06

           Step           Time
          16500       33.00000

   Energies (kJ/mol)
           Bond          Angle    Proper Dih.  Improper Dih.          LJ-14
    1.48125e+04    4.04259e+04    4.76985e+04    3.22206e+03    1.40663e+04
     Coulomb-14        LJ (SR)  Disper. corr.   Coulomb (SR)   Coul. recip.
    1.97929e+05   -1.30259e+04   -1.57793e+03   -3.28153e+05    1.05114e+04
 Position Rest.      Potential    Kinetic En.   Total Energy  Conserved En.
    1.17295e+04   -2.36160e+03    7.91877e+04    7.68261e+04    1.53111e+04
    Temperature Pres. DC (bar) Pressure (bar)   Constr. rmsd
    3.52764e+02   -2.63451e+01   -1.52104e+02    4.99848e-06

           Step           Time
          17000       34.00000

   Energies (kJ/mol)
           Bond          Angle    Proper Dih.  Improper Dih.          LJ-14
    6.27453e+03    1.70458e+04    4.30538e+04    1.48721e+03    1.26052e+04
     Coulomb-14        LJ (SR)  Disper. corr.   Coulomb (SR)   Coul. recip.
    1.98547e+05   -1.39550e+04   -1.57793e+03   -3.29084e+05    1.02014e+04
 Position Rest.      Potential    Kinetic En.   Total Energy  Conserved En.
    5.55338e+03   -4.98488e+04    3.02687e+04   -1.95800e+04    1.86587e+04
    Temperature Pres. DC (bar) Pressure (bar)   Constr. rmsd
    1.34841e+02   -2.63451e+01   -1.94360e+02    2.78697e-06

           Step           Time
          17500       35.00000

   Energies (kJ/mol)
           Bond          Angle    Proper Dih.  Improper Dih.          LJ-14
    1.48540e+04    4.07720e+04    4.74715e+04    3.31037e+03    1.42395e+04
     Coulomb-14        LJ (SR)  Disper. corr.   Coulomb (SR)   Coul. recip.
    1.98336e+05   -1.29152e+04   -1.57793e+03   -3.28661e+05    1.05120e+04
 Position Rest.      Potential    Kinetic En.   Total Energy  Conserved En.
    1.17855e+04   -1.87368e+03    7.98687e+04    7.79950e+04    1.76461e+04
    Temperature Pres. DC (bar) Pressure (bar)   Constr. rmsd
    3.55798e+02   -2.63451e+01   -1.06168e+02    5.12682e-06

           Step           Time
          18000       36.00000

   Energies (kJ/mol)
           Bond          Angle    Proper Dih.  Improper Dih.          LJ-14
    6.36996e+03    1.67290e+04    4.31192e+04    1.44085e+03    1.25409e+04
     Coulomb-14        LJ (SR)  Disper. corr.   Coulomb (SR)   Coul. recip.
    1.98678e+05   -1.38990e+04   -1.57793e+03   -3.29227e+05    1.02159e+04
 Position Rest.      Potential    Kinetic En.   Total Energy  Conserved En.
    5.65913e+03   -4.99510e+04    2.95623e+04   -2.03887e+04    2.11070e+04
    Temperature Pres. DC (bar) Pressure (bar)   Constr. rmsd
    1.31694e+02   -2.63451e+01   -2.32523e+02    2.84218e-06

           Step           Time
          18500       37.00000

   Energies (kJ/mol)
           Bond          Angle    Proper Dih.  Improper Dih.          LJ-14
    1.49123e+04    4.12554e+04    4.73616e+04    3.27801e+03    1.41171e+04
     Coulomb-14        LJ (SR)  Disper. corr.   Coulomb (SR)   Coul. recip.
    1.98127e+05   -1.28977e+04   -1.57793e+03   -3.28354e+05    1.04855e+04
 Position Rest.      Potential    Kinetic En.   Total Energy  Conserved En.
    1.13931e+04   -1.90002e+03    8.05744e+04    7.86744e+04    2.01222e+04
    Temperature Pres. DC (bar) Pressure (bar)   Constr. rmsd
    3.58941e+02   -2.63451e+01   -1.97146e+02    4.88296e-06

           Step           Time
          19000       38.00000

   Energies (kJ/mol)
           Bond          Angle    Proper Dih.  Improper Dih.          LJ-14
    6.25581e+03    1.64440e+04    4.29851e+04    1.47546e+03    1.25955e+04
     Coulomb-14        LJ (SR)  Disper. corr.   Coulomb (SR)   Coul. recip.
    1.98661e+05   -1.40002e+04   -1.57793e+03   -3.29036e+05    1.02401e+04
 Position Rest.      Potential    Kinetic En.   Total Energy  Conserved En.
    5.47940e+03   -5.04774e+04    2.92264e+04   -2.12510e+04    2.36654e+04
    Temperature Pres. DC (bar) Pressure (bar)   Constr. rmsd
    1.30197e+02   -2.63451e+01   -3.17666e+02    2.82716e-06

           Step           Time
          19500       39.00000

   Energies (kJ/mol)
           Bond          Angle    Proper Dih.  Improper Dih.          LJ-14
    1.53096e+04    4.17496e+04    4.76332e+04    3.35254e+03    1.40606e+04
     Coulomb-14        LJ (SR)  Disper. corr.   Coulomb (SR)   Coul. recip.
    1.97936e+05   -1.29721e+04   -1.57793e+03   -3.28042e+05    1.05067e+04
 Position Rest.      Potential    Kinetic En.   Total Energy  Conserved En.
    1.14245e+04   -6.20076e+02    8.13453e+04    8.07252e+04    2.27475e+04
    Temperature Pres. DC (bar) Pressure (bar)   Constr. rmsd
    3.62375e+02   -2.63451e+01   -2.66412e+02    5.06469e-06

           Step           Time
          20000       40.00000

   Energies (kJ/mol)
           Bond          Angle    Proper Dih.  Improper Dih.          LJ-14
    6.31165e+03    1.62733e+04    4.29195e+04    1.43197e+03    1.25593e+04
     Coulomb-14        LJ (SR)  Disper. corr.   Coulomb (SR)   Coul. recip.
    1.98559e+05   -1.39406e+04   -1.57793e+03   -3.29152e+05    1.02216e+04
 Position Rest.      Potential    Kinetic En.   Total Energy  Conserved En.
    5.39367e+03   -5.10002e+04    2.85416e+04   -2.24586e+04    2.64654e+04
    Temperature Pres. DC (bar) Pressure (bar)   Constr. rmsd
    1.27147e+02   -2.63451e+01   -3.34064e+02    2.81969e-06

           Step           Time
          20500       41.00000

   Energies (kJ/mol)
           Bond          Angle    Proper Dih.  Improper Dih.          LJ-14
    1.49817e+04    4.18397e+04    4.77844e+04    3.45766e+03    1.43301e+04
     Coulomb-14        LJ (SR)  Disper. corr.   Coulomb (SR)   Coul. recip.
    1.98181e+05   -1.29784e+04   -1.57793e+03   -3.28609e+05    1.04464e+04
 Position Rest.      Potential    Kinetic En.   Total Energy  Conserved En.
    1.18364e+04   -3.08040e+02    8.23721e+04    8.20641e+04    2.53917e+04
    Temperature Pres. DC (bar) Pressure (bar)   Constr. rmsd
    3.66950e+02   -2.63451e+01   -1.43253e+02    5.45245e-06

           Step           Time
          21000       42.00000

   Energies (kJ/mol)
           Bond          Angle    Proper Dih.  Improper Dih.          LJ-14
    6.10080e+03    1.60651e+04    4.28418e+04    1.39341e+03    1.25836e+04
     Coulomb-14        LJ (SR)  Disper. corr.   Coulomb (SR)   Coul. recip.
    1.98739e+05   -1.40042e+04   -1.57793e+03   -3.29441e+05    1.01658e+04
 Position Rest.      Potential    Kinetic En.   Total Energy  Conserved En.
    5.38537e+03   -5.17483e+04    2.83197e+04   -2.34286e+04    2.92734e+04
    Temperature Pres. DC (bar) Pressure (bar)   Constr. rmsd
    1.26158e+02   -2.63451e+01   -1.75195e+02    2.80978e-06

           Step           Time
          21500       43.00000

   Energies (kJ/mol)
           Bond          Angle    Proper Dih.  Improper Dih.          LJ-14
    1.58622e+04    4.27059e+04    4.78747e+04    3.33739e+03    1.40360e+04
     Coulomb-14        LJ (SR)  Disper. corr.   Coulomb (SR)   Coul. recip.
    1.98271e+05   -1.29604e+04   -1.57793e+03   -3.28453e+05    1.03901e+04
 Position Rest.      Potential    Kinetic En.   Total Energy  Conserved En.
    1.15569e+04    1.04273e+03    8.30716e+04    8.41143e+04    2.83589e+04
    Temperature Pres. DC (bar) Pressure (bar)   Constr. rmsd
    3.70065e+02   -2.63451e+01   -1.45730e+02    5.25806e-06

           Step           Time
          22000       44.00000

   Energies (kJ/mol)
           Bond          Angle    Proper Dih.  Improper Dih.          LJ-14
    5.96863e+03    1.56871e+04    4.27134e+04    1.42581e+03    1.25239e+04
     Coulomb-14        LJ (SR)  Disper. corr.   Coulomb (SR)   Coul. recip.
    1.98602e+05   -1.40333e+04   -1.57793e+03   -3.29125e+05    1.02169e+04
 Position Rest.      Potential    Kinetic En.   Total Energy  Conserved En.
    5.28421e+03   -5.23145e+04    2.77149e+04   -2.45996e+04    3.23087e+04
    Temperature Pres. DC (bar) Pressure (bar)   Constr. rmsd
    1.23464e+02   -2.63451e+01   -2.83140e+02    2.83020e-06

           Step           Time
          22500       45.00000

   Energies (kJ/mol)
           Bond          Angle    Proper Dih.  Improper Dih.          LJ-14
    1.56154e+04    4.29314e+04    4.78993e+04    3.56530e+03    1.42861e+04
     Coulomb-14        LJ (SR)  Disper. corr.   Coulomb (SR)   Coul. recip.
    1.98228e+05   -1.28937e+04   -1.57793e+03   -3.28195e+05    1.05937e+04
 Position Rest.      Potential    Kinetic En.   Total Energy  Conserved En.
    1.14588e+04    1.91122e+03    8.38351e+04    8.57464e+04    3.13231e+04
    Temperature Pres. DC (bar) Pressure (bar)   Constr. rmsd
    3.73467e+02   -2.63451e+01   -5.34833e+01    5.56151e-06

           Step           Time
          23000       46.00000

   Energies (kJ/mol)
           Bond          Angle    Proper Dih.  Improper Dih.          LJ-14
    6.04846e+03    1.56613e+04    4.27191e+04    1.35967e+03    1.25157e+04
     Coulomb-14        LJ (SR)  Disper. corr.   Coulomb (SR)   Coul. recip.
    1.98442e+05   -1.40724e+04   -1.57793e+03   -3.29094e+05    1.02746e+04
 Position Rest.      Potential    Kinetic En.   Total Energy  Conserved En.
    5.14452e+03   -5.25792e+04    2.69822e+04   -2.55970e+04    3.54009e+04
    Temperature Pres. DC (bar) Pressure (bar)   Constr. rmsd
    1.20200e+02   -2.63451e+01   -2.30012e+02    2.79109e-06

           Step           Time
          23500       47.00000

   Energies (kJ/mol)
           Bond          Angle    Proper Dih.  Improper Dih.          LJ-14
    1.63781e+04    4.27785e+04    4.78405e+04    3.34630e+03    1.41515e+04
     Coulomb-14        LJ (SR)  Disper. corr.   Coulomb (SR)   Coul. recip.
    1.98395e+05   -1.28675e+04   -1.57793e+03   -3.28570e+05    1.04990e+04
 Position Rest.      Potential    Kinetic En.   Total Energy  Conserved En.
    1.17336e+04    2.10725e+03    8.57873e+04    8.78946e+04    3.43799e+04
    Temperature Pres. DC (bar) Pressure (bar)   Constr. rmsd
    3.82164e+02   -2.63451e+01   -4.41765e+02    5.49724e-06

           Step           Time
          24000       48.00000

   Energies (kJ/mol)
           Bond          Angle    Proper Dih.  Improper Dih.          LJ-14
    5.84100e+03    1.52511e+04    4.27061e+04    1.40996e+03    1.24489e+04
     Coulomb-14        LJ (SR)  Disper. corr.   Coulomb (SR)   Coul. recip.
    1.98715e+05   -1.40393e+04   -1.57793e+03   -3.29164e+05    1.02261e+04
 Position Rest.      Potential    Kinetic En.   Total Energy  Conserved En.
    5.08209e+03   -5.31019e+04    2.65617e+04   -2.65402e+04    3.85854e+04
    Temperature Pres. DC (bar) Pressure (bar)   Constr. rmsd
    1.18326e+02   -2.63451e+01   -2.60756e+02    2.75088e-06

           Step           Time
          24500       49.00000

   Energies (kJ/mol)
           Bond          Angle    Proper Dih.  Improper Dih.          LJ-14
    1.62799e+04    4.38243e+04    4.81650e+04    3.52085e+03    1.44548e+04
     Coulomb-14        LJ (SR)  Disper. corr.   Coulomb (SR)   Coul. recip.
    1.98437e+05   -1.27789e+04   -1.57793e+03   -3.28860e+05    1.05314e+04
 Position Rest.      Potential    Kinetic En.   Total Energy  Conserved En.
    1.17898e+04    3.78598e+03    8.61122e+04    8.98982e+04    3.76246e+04
    Temperature Pres. DC (bar) Pressure (bar)   Constr. rmsd
    3.83611e+02   -2.63451e+01   -1.20279e+01    5.64918e-06

           Step           Time
          25000       50.00000

   Energies (kJ/mol)
           Bond          Angle    Proper Dih.  Improper Dih.          LJ-14
    5.78379e+03    1.52017e+04    4.25944e+04    1.39864e+03    1.24577e+04
     Coulomb-14        LJ (SR)  Disper. corr.   Coulomb (SR)   Coul. recip.
    1.98563e+05   -1.40651e+04   -1.57793e+03   -3.29129e+05    1.02523e+04
 Position Rest.      Potential    Kinetic En.   Total Energy  Conserved En.
    4.93503e+03   -5.35858e+04    2.59776e+04   -2.76082e+04    4.18375e+04
    Temperature Pres. DC (bar) Pressure (bar)   Constr. rmsd
    1.15724e+02   -2.63451e+01   -3.82318e+02    2.72246e-06

           Step           Time
          25500       51.00000

   Energies (kJ/mol)
           Bond          Angle    Proper Dih.  Improper Dih.          LJ-14
    1.63139e+04    4.47570e+04    4.82581e+04    3.63140e+03    1.43384e+04
     Coulomb-14        LJ (SR)  Disper. corr.   Coulomb (SR)   Coul. recip.
    1.98202e+05   -1.27729e+04   -1.57793e+03   -3.28541e+05    1.05535e+04
 Position Rest.      Potential    Kinetic En.   Total Energy  Conserved En.
    1.17730e+04    4.93534e+03    8.76493e+04    9.25847e+04    4.09800e+04
    Temperature Pres. DC (bar) Pressure (bar)   Constr. rmsd
    3.90458e+02   -2.63451e+01   -3.45279e+02    5.82691e-06

           Step           Time
          26000       52.00000

   Energies (kJ/mol)
           Bond          Angle    Proper Dih.  Improper Dih.          LJ-14
    5.64355e+03    1.49305e+04    4.26308e+04    1.30374e+03    1.24741e+04
     Coulomb-14        LJ (SR)  Disper. corr.   Coulomb (SR)   Coul. recip.
    1.98792e+05   -1.40569e+04   -1.57793e+03   -3.29507e+05    1.01160e+04
 Position Rest.      Potential    Kinetic En.   Total Energy  Conserved En.
    5.05534e+03   -5.41958e+04    2.54869e+04   -2.87089e+04    4.53032e+04
    Temperature Pres. DC (bar) Pressure (bar)   Constr. rmsd
    1.13539e+02   -2.63451e+01   -1.56454e+02    2.73001e-06

           Step           Time
          26500       53.00000

   Energies (kJ/mol)
           Bond          Angle    Proper Dih.  Improper Dih.          LJ-14
    1.65683e+04    4.59154e+04    4.84419e+04    3.60566e+03    1.42986e+04
     Coulomb-14        LJ (SR)  Disper. corr.   Coulomb (SR)   Coul. recip.
    1.97843e+05   -1.29683e+04   -1.57793e+03   -3.28052e+05    1.04448e+04
 Position Rest.      Potential    Kinetic En.   Total Energy  Conserved En.
    1.21923e+04    6.71077e+03    8.96120e+04    9.63227e+04    4.45004e+04
    Temperature Pres. DC (bar) Pressure (bar)   Constr. rmsd
    3.99202e+02   -2.63451e+01   -4.63000e+02    6.03482e-06

           Step           Time
          27000       54.00000

   Energies (kJ/mol)
           Bond          Angle    Proper Dih.  Improper Dih.          LJ-14
    5.48268e+03    1.47210e+04    4.24796e+04    1.30869e+03    1.25335e+04
     Coulomb-14        LJ (SR)  Disper. corr.   Coulomb (SR)   Coul. recip.
    1.98349e+05   -1.40119e+04   -1.57793e+03   -3.29026e+05    1.02255e+04
 Position Rest.      Potential    Kinetic En.   Total Energy  Conserved En.
    4.77656e+03   -5.47394e+04    2.45657e+04   -3.01737e+04    4.89179e+04
    Temperature Pres. DC (bar) Pressure (bar)   Constr. rmsd
    1.09435e+02   -2.63451e+01   -2.34535e+02    2.72990e-06

           Step           Time
          27500       55.00000

   Energies (kJ/mol)
           Bond          Angle    Proper Dih.  Improper Dih.          LJ-14
    1.67182e+04    4.61602e+04    4.83522e+04    3.67367e+03    1.46033e+04
     Coulomb-14        LJ (SR)  Disper. corr.   Coulomb (SR)   Coul. recip.
    1.98329e+05   -1.27833e+04   -1.57793e+03   -3.28669e+05    1.05436e+04
 Position Rest.      Potential    Kinetic En.   Total Energy  Conserved En.
    1.18845e+04    7.23481e+03    9.25864e+04    9.98212e+04    4.81097e+04
    Temperature Pres. DC (bar) Pressure (bar)   Constr. rmsd
    4.12452e+02   -2.63451e+01    6.16233e+01    6.31475e-06

           Step           Time
          28000       56.00000

   Energies (kJ/mol)
           Bond          Angle    Proper Dih.  Improper Dih.          LJ-14
    5.51271e+03    1.40860e+04    4.24219e+04    1.27919e+03    1.23832e+04
     Coulomb-14        LJ (SR)  Disper. corr.   Coulomb (SR)   Coul. recip.
    1.98313e+05   -1.41458e+04   -1.57793e+03   -3.28931e+05    1.02258e+04
 Position Rest.      Potential    Kinetic En.   Total Energy  Conserved En.
    4.67138e+03   -5.57611e+04    2.41482e+04   -3.16128e+04    5.26017e+04
    Temperature Pres. DC (bar) Pressure (bar)   Constr. rmsd
    1.07575e+02   -2.63451e+01   -2.99316e+02    2.72299e-06

           Step           Time
          28500       57.00000

   Energies (kJ/mol)
           Bond          Angle    Proper Dih.  Improper Dih.          LJ-14
    1.75890e+04    4.68052e+04    4.86616e+04    4.03856e+03    1.43949e+04
     Coulomb-14        LJ (SR)  Disper. corr.   Coulomb (SR)   Coul. recip.
    1.97889e+05   -1.27880e+04   -1.57793e+03   -3.28109e+05    1.04498e+04
 Position Rest.      Potential    Kinetic En.   Total Energy  Conserved En.
    1.25199e+04    9.87242e+03    9.38691e+04    1.03741e+05    5.19800e+04
    Temperature Pres. DC (bar) Pressure (bar)   Constr. rmsd
    4.18166e+02   -2.63451e+01   -3.24269e+02    6.62744e-06

           Step           Time
          29000       58.00000

   Energies (kJ/mol)
           Bond          Angle    Proper Dih.  Improper Dih.          LJ-14
    5.38931e+03    1.36949e+04    4.23691e+04    1.29619e+03    1.24750e+04
     Coulomb-14        LJ (SR)  Disper. corr.   Coulomb (SR)   Coul. recip.
    1.98811e+05   -1.41132e+04   -1.57793e+03   -3.29346e+05    1.01691e+04
 Position Rest.      Potential    Kinetic En.   Total Energy  Conserved En.
    4.51954e+03   -5.63134e+04    2.36737e+04   -3.26396e+04    5.65665e+04
    Temperature Pres. DC (bar) Pressure (bar)   Constr. rmsd
    1.05461e+02   -2.63451e+01   -1.78733e+02    2.75603e-06

           Step           Time
          29500       59.00000

   Energies (kJ/mol)
           Bond          Angle    Proper Dih.  Improper Dih.          LJ-14
    1.81462e+04    4.77476e+04    4.86987e+04    3.98704e+03    1.47366e+04
     Coulomb-14        LJ (SR)  Disper. corr.   Coulomb (SR)   Coul. recip.
    1.98124e+05   -1.26891e+04   -1.57793e+03   -3.28368e+05    1.05516e+04
 Position Rest.      Potential    Kinetic En.   Total Energy  Conserved En.
    1.25466e+04    1.19032e+04    9.57422e+04    1.07645e+05    5.60541e+04
    Temperature Pres. DC (bar) Pressure (bar)   Constr. rmsd
    4.26510e+02   -2.63451e+01   -1.42733e+02    6.61671e-06

           Step           Time
          30000       60.00000

   Energies (kJ/mol)
           Bond          Angle    Proper Dih.  Improper Dih.          LJ-14
    5.47418e+03    1.36448e+04    4.22853e+04    1.28664e+03    1.23615e+04
     Coulomb-14        LJ (SR)  Disper. corr.   Coulomb (SR)   Coul. recip.
    1.98631e+05   -1.41604e+04   -1.57793e+03   -3.29293e+05    1.02226e+04
 Position Rest.      Potential    Kinetic En.   Total Energy  Conserved En.
    4.54837e+03   -5.65770e+04    2.28212e+04   -3.37558e+04    6.04987e+04
    Temperature Pres. DC (bar) Pressure (bar)   Constr. rmsd
    1.01664e+02   -2.63451e+01   -3.98329e+02    2.71807e-06

           Step           Time
          30500       61.00000

   Energies (kJ/mol)
           Bond          Angle    Proper Dih.  Improper Dih.          LJ-14
    1.80193e+04    4.94324e+04    4.88143e+04    4.02065e+03    1.45793e+04
     Coulomb-14        LJ (SR)  Disper. corr.   Coulomb (SR)   Coul. recip.
    1.98115e+05   -1.27873e+04   -1.57793e+03   -3.28017e+05    1.05227e+04
 Position Rest.      Potential    Kinetic En.   Total Energy  Conserved En.
    1.25318e+04    1.36541e+04    9.89882e+04    1.12642e+05    6.02227e+04
    Temperature Pres. DC (bar) Pressure (bar)   Constr. rmsd
    4.40971e+02   -2.63451e+01   -2.85532e+02    8.17342e-06

           Step           Time
          31000       62.00000

   Energies (kJ/mol)
           Bond          Angle    Proper Dih.  Improper Dih.          LJ-14
    5.35681e+03    1.34540e+04    4.23175e+04    1.20466e+03    1.23373e+04
     Coulomb-14        LJ (SR)  Disper. corr.   Coulomb (SR)   Coul. recip.
    1.98462e+05   -1.42318e+04   -1.57793e+03   -3.29096e+05    1.01508e+04
 Position Rest.      Potential    Kinetic En.   Total Energy  Conserved En.
    4.46905e+03   -5.71536e+04    2.22440e+04   -3.49096e+04    6.47040e+04
    Temperature Pres. DC (bar) Pressure (bar)   Constr. rmsd
    9.90923e+01   -2.63451e+01   -2.76042e+02    2.70247e-06

           Step           Time
          31500       63.00000

   Energies (kJ/mol)
           Bond          Angle    Proper Dih.  Improper Dih.          LJ-14
    1.82225e+04    5.07731e+04    4.90956e+04    4.02008e+03    1.49013e+04
     Coulomb-14        LJ (SR)  Disper. corr.   Coulomb (SR)   Coul. recip.
    1.98385e+05   -1.27365e+04   -1.57793e+03   -3.28508e+05    1.05670e+04
 Position Rest.      Potential    Kinetic En.   Total Energy  Conserved En.
    1.27107e+04    1.58525e+04    1.00484e+05    1.16337e+05    6.45740e+04
    Temperature Pres. DC (bar) Pressure (bar)   Constr. rmsd
    4.47636e+02   -2.63451e+01   -3.06744e+02    7.51866e-06

           Step           Time
          32000       64.00000

   Energies (kJ/mol)
           Bond          Angle    Proper Dih.  Improper Dih.          LJ-14
    5.24614e+03    1.31354e+04    4.23018e+04    1.20904e+03    1.23065e+04
     Coulomb-14        LJ (SR)  Disper. corr.   Coulomb (SR)   Coul. recip.
    1.98330e+05   -1.41916e+04   -1.57793e+03   -3.29079e+05    1.01369e+04
 Position Rest.      Potential    Kinetic En.   Total Energy  Conserved En.
    4.42015e+03   -5.77625e+04    2.19331e+04   -3.58294e+04    6.88849e+04
    Temperature Pres. DC (bar) Pressure (bar)   Constr. rmsd
    9.77073e+01   -2.63451e+01   -2.10642e+02    2.71696e-06

           Step           Time
          32500       65.00000

   Energies (kJ/mol)
           Bond          Angle    Proper Dih.  Improper Dih.          LJ-14
    1.86918e+04    5.10160e+04    4.95713e+04    4.19505e+03    1.47666e+04
     Coulomb-14        LJ (SR)  Disper. corr.   Coulomb (SR)   Coul. recip.
    1.98039e+05   -1.27033e+04   -1.57793e+03   -3.28494e+05    1.05047e+04
 Position Rest.      Potential    Kinetic En.   Total Energy  Conserved En.
    1.26666e+04    1.66755e+04    1.02611e+05    1.19287e+05    6.89196e+04
    Temperature Pres. DC (bar) Pressure (bar)   Constr. rmsd
    4.57110e+02   -2.63451e+01    1.96308e+02    8.03195e-06

           Step           Time
          33000       66.00000

   Energies (kJ/mol)
           Bond          Angle    Proper Dih.  Improper Dih.          LJ-14
    5.21521e+03    1.30454e+04    4.22484e+04    1.23859e+03    1.24887e+04
     Coulomb-14        LJ (SR)  Disper. corr.   Coulomb (SR)   Coul. recip.
    1.98848e+05   -1.41610e+04   -1.57793e+03   -3.29541e+05    1.01521e+04
 Position Rest.      Potential    Kinetic En.   Total Energy  Conserved En.
    4.30784e+03   -5.77355e+04    2.16919e+04   -3.60436e+04    7.30182e+04
    Temperature Pres. DC (bar) Pressure (bar)   Constr. rmsd
    9.66328e+01   -2.63451e+01   -2.40210e+02    2.74566e-06

           Step           Time
          33500       67.00000

   Energies (kJ/mol)
           Bond          Angle    Proper Dih.  Improper Dih.          LJ-14
    1.89924e+04    5.18018e+04    4.92665e+04    4.22428e+03    1.47752e+04
     Coulomb-14        LJ (SR)  Disper. corr.   Coulomb (SR)   Coul. recip.
    1.97710e+05   -1.26001e+04   -1.57793e+03   -3.27887e+05    1.04746e+04
 Position Rest.      Potential    Kinetic En.   Total Energy  Conserved En.
    1.27935e+04    1.79735e+04    1.03838e+05    1.21812e+05    7.34110e+04
    Temperature Pres. DC (bar) Pressure (bar)   Constr. rmsd
    4.62576e+02   -2.63451e+01   -8.13472e+01    9.48119e-06

           Step           Time
          34000       68.00000

   Energies (kJ/mol)
           Bond          Angle    Proper Dih.  Improper Dih.          LJ-14
    5.23935e+03    1.28997e+04    4.21522e+04    1.19368e+03    1.23963e+04
     Coulomb-14        LJ (SR)  Disper. corr.   Coulomb (SR)   Coul. recip.
    1.98775e+05   -1.41618e+04   -1.57793e+03   -3.29486e+05    1.01996e+04
 Position Rest.      Potential    Kinetic En.   Total Energy  Conserved En.
    4.20163e+03   -5.81678e+04    2.15722e+04   -3.65957e+04    7.72554e+04
    Temperature Pres. DC (bar) Pressure (bar)   Constr. rmsd
    9.60992e+01   -2.63451e+01   -8.67993e+01    2.66964e-06

           Step           Time
          34500       69.00000

   Energies (kJ/mol)
           Bond          Angle    Proper Dih.  Improper Dih.          LJ-14
    1.94399e+04    5.26013e+04    4.97187e+04    4.31578e+03    1.48895e+04
     Coulomb-14        LJ (SR)  Disper. corr.   Coulomb (SR)   Coul. recip.
    1.98353e+05   -1.25327e+04   -1.57793e+03   -3.28606e+05    1.05554e+04
 Position Rest.      Potential    Kinetic En.   Total Energy  Conserved En.
    1.25457e+04    1.97026e+04    1.04756e+05    1.24458e+05    7.79369e+04
    Temperature Pres. DC (bar) Pressure (bar)   Constr. rmsd
    4.66663e+02   -2.63451e+01   -5.10682e+02    8.48157e-06

           Step           Time
          35000       70.00000

   Energies (kJ/mol)
           Bond          Angle    Proper Dih.  Improper Dih.          LJ-14
    5.17494e+03    1.28065e+04    4.20891e+04    1.23169e+03    1.23571e+04
     Coulomb-14        LJ (SR)  Disper. corr.   Coulomb (SR)   Coul. recip.
    1.98683e+05   -1.41816e+04   -1.57793e+03   -3.29315e+05    1.01472e+04
 Position Rest.      Potential    Kinetic En.   Total Energy  Conserved En.
    4.22625e+03   -5.83589e+04    2.12025e+04   -3.71564e+04    8.15922e+04
    Temperature Pres. DC (bar) Pressure (bar)   Constr. rmsd
    9.44523e+01   -2.63451e+01   -3.14793e+02    2.75929e-06

           Step           Time
          35500       71.00000

   Energies (kJ/mol)
           Bond          Angle    Proper Dih.  Improper Dih.          LJ-14
    1.94023e+04    5.34519e+04    4.98647e+04    4.24721e+03    1.49208e+04
     Coulomb-14        LJ (SR)  Disper. corr.   Coulomb (SR)   Coul. recip.
    1.98039e+05   -1.26243e+04   -1.57793e+03   -3.28175e+05    1.05420e+04
 Position Rest.      Potential    Kinetic En.   Total Energy  Conserved En.
    1.24546e+04    2.05456e+04    1.06107e+05    1.26652e+05    8.25023e+04
    Temperature Pres. DC (bar) Pressure (bar)   Constr. rmsd
    4.72683e+02   -2.63451e+01   -1.04529e+02    8.54581e-06

           Step           Time
          36000       72.00000

   Energies (kJ/mol)
           Bond          Angle    Proper Dih.  Improper Dih.          LJ-14
    5.22595e+03    1.28355e+04    4.21942e+04    1.20690e+03    1.23850e+04
     Coulomb-14        LJ (SR)  Disper. corr.   Coulomb (SR)   Coul. recip.
    1.98663e+05   -1.42344e+04   -1.57793e+03   -3.29362e+05    1.01531e+04
 Position Rest.      Potential    Kinetic En.   Total Energy  Conserved En.
    4.17402e+03   -5.83368e+04    2.07978e+04   -3.75390e+04    8.59404e+04
    Temperature Pres. DC (bar) Pressure (bar)   Constr. rmsd
    9.26495e+01   -2.63451e+01   -2.28569e+02    2.69434e-06

           Step           Time
          36500       73.00000

   Energies (kJ/mol)
           Bond          Angle    Proper Dih.  Improper Dih.          LJ-14
    2.03474e+04    5.41619e+04    4.98282e+04    4.30463e+03    1.49951e+04
     Coulomb-14        LJ (SR)  Disper. corr.   Coulomb (SR)   Coul. recip.
    1.97909e+05   -1.24882e+04   -1.57793e+03   -3.28402e+05    1.05732e+04
 Position Rest.      Potential    Kinetic En.   Total Energy  Conserved En.
    1.25904e+04    2.22424e+04    1.07228e+05    1.29470e+05    8.72898e+04
    Temperature Pres. DC (bar) Pressure (bar)   Constr. rmsd
    4.77675e+02   -2.63451e+01   -3.45557e+02    8.91044e-06

           Step           Time
          37000       74.00000

   Energies (kJ/mol)
           Bond          Angle    Proper Dih.  Improper Dih.          LJ-14
    5.14142e+03    1.24861e+04    4.21198e+04    1.18852e+03    1.23784e+04
     Coulomb-14        LJ (SR)  Disper. corr.   Coulomb (SR)   Coul. recip.
    1.98787e+05   -1.41639e+04   -1.57793e+03   -3.29459e+05    1.01353e+04
 Position Rest.      Potential    Kinetic En.   Total Energy  Conserved En.
    4.11091e+03   -5.88540e+04    2.07965e+04   -3.80575e+04    9.03602e+04
    Temperature Pres. DC (bar) Pressure (bar)   Constr. rmsd
    9.26437e+01   -2.63451e+01   -2.71242e+02    2.69758e-06

           Step           Time
          37500       75.00000

   Energies (kJ/mol)
           Bond          Angle    Proper Dih.  Improper Dih.          LJ-14
    1.94425e+04    5.43693e+04    4.96038e+04    4.37366e+03    1.48417e+04
     Coulomb-14        LJ (SR)  Disper. corr.   Coulomb (SR)   Coul. recip.
    1.97957e+05   -1.25665e+04   -1.57793e+03   -3.28219e+05    1.06430e+04
 Position Rest.      Potential    Kinetic En.   Total Energy  Conserved En.
    1.24875e+04    2.13556e+04    1.09690e+05    1.31046e+05    9.18359e+04
    Temperature Pres. DC (bar) Pressure (bar)   Constr. rmsd
    4.88646e+02   -2.63451e+01   -2.97661e+02    1.05332e-05

           Step           Time
          38000       76.00000

   Energies (kJ/mol)
           Bond          Angle    Proper Dih.  Improper Dih.          LJ-14
    5.08713e+03    1.23579e+04    4.20472e+04    1.19952e+03    1.24630e+04
     Coulomb-14        LJ (SR)  Disper. corr.   Coulomb (SR)   Coul. recip.
    1.98832e+05   -1.41880e+04   -1.57793e+03   -3.29539e+05    1.02061e+04
 Position Rest.      Potential    Kinetic En.   Total Energy  Conserved En.
    4.07997e+03   -5.90319e+04    2.04433e+04   -3.85886e+04    9.47022e+04
    Temperature Pres. DC (bar) Pressure (bar)   Constr. rmsd
    9.10705e+01   -2.63451e+01   -2.57130e+02    2.72787e-06

           Step           Time
          38500       77.00000

   Energies (kJ/mol)
           Bond          Angle    Proper Dih.  Improper Dih.          LJ-14
    2.02060e+04    5.54664e+04    4.99491e+04    4.51332e+03    1.48081e+04
     Coulomb-14        LJ (SR)  Disper. corr.   Coulomb (SR)   Coul. recip.
    1.97444e+05   -1.25426e+04   -1.57793e+03   -3.27744e+05    1.06212e+04
 Position Rest.      Potential    Kinetic En.   Total Energy  Conserved En.
    1.28766e+04    2.40202e+04    1.09851e+05    1.33872e+05    9.67180e+04
    Temperature Pres. DC (bar) Pressure (bar)   Constr. rmsd
    4.89364e+02   -2.63451e+01   -2.11131e+02    1.00847e-05

           Step           Time
          39000       78.00000

   Energies (kJ/mol)
           Bond          Angle    Proper Dih.  Improper Dih.          LJ-14
    5.08230e+03    1.23834e+04    4.21280e+04    1.14245e+03    1.23253e+04
     Coulomb-14        LJ (SR)  Disper. corr.   Coulomb (SR)   Coul. recip.
    1.98701e+05   -1.42329e+04   -1.57793e+03   -3.29457e+05    1.00809e+04
 Position Rest.      Potential    Kinetic En.   Total Energy  Conserved En.
    4.11229e+03   -5.93123e+04    2.02101e+04   -3.91022e+04    9.91915e+04
    Temperature Pres. DC (bar) Pressure (bar)   Constr. rmsd
    9.00314e+01   -2.63451e+01   -2.16507e+02    2.67922e-06

           Step           Time
          39500       79.00000

   Energies (kJ/mol)
           Bond          Angle    Proper Dih.  Improper Dih.          LJ-14
    2.06672e+04    5.45328e+04    5.00645e+04    4.63907e+03    1.52191e+04
     Coulomb-14        LJ (SR)  Disper. corr.   Coulomb (SR)   Coul. recip.
    1.98640e+05   -1.23935e+04   -1.57793e+03   -3.28825e+05    1.05645e+04
 Position Rest.      Potential    Kinetic En.   Total Energy  Conserved En.
    1.27186e+04    2.42491e+04    1.11298e+05    1.35547e+05    1.01794e+05
    Temperature Pres. DC (bar) Pressure (bar)   Constr. rmsd
    4.95806e+02   -2.63451e+01   -8.98708e+01    1.03557e-05

           Step           Time
          40000       80.00000

   Energies (kJ/mol)
           Bond          Angle    Proper Dih.  Improper Dih.          LJ-14
    5.05390e+03    1.22547e+04    4.20494e+04    1.14393e+03    1.23153e+04
     Coulomb-14        LJ (SR)  Disper. corr.   Coulomb (SR)   Coul. recip.
    1.98679e+05   -1.42222e+04   -1.57793e+03   -3.29373e+05    1.01547e+04
 Position Rest.      Potential    Kinetic En.   Total Energy  Conserved En.
    4.02168e+03   -5.95000e+04    1.98670e+04   -3.96330e+04    1.03984e+05
    Temperature Pres. DC (bar) Pressure (bar)   Constr. rmsd
    8.85031e+01   -2.63451e+01   -2.67923e+02    2.65203e-06

           Step           Time
          40500       81.00000

   Energies (kJ/mol)
           Bond          Angle    Proper Dih.  Improper Dih.          LJ-14
    2.01378e+04    5.67621e+04    4.98954e+04    4.65155e+03    1.49728e+04
     Coulomb-14        LJ (SR)  Disper. corr.   Coulomb (SR)   Coul. recip.
    1.98056e+05   -1.25958e+04   -1.57793e+03   -3.28135e+05    1.06236e+04
 Position Rest.      Potential    Kinetic En.   Total Energy  Conserved En.
    1.29165e+04    2.57077e+04    1.11267e+05    1.36975e+05    1.07210e+05
    Temperature Pres. DC (bar) Pressure (bar)   Constr. rmsd
    4.95669e+02   -2.63451e+01   -9.25869e+01    9.64646e-06

           Step           Time
          41000       82.00000

   Energies (kJ/mol)
           Bond          Angle    Proper Dih.  Improper Dih.          LJ-14
    5.02170e+03    1.21786e+04    4.19596e+04    1.15602e+03    1.22812e+04
     Coulomb-14        LJ (SR)  Disper. corr.   Coulomb (SR)   Coul. recip.
    1.98826e+05   -1.42747e+04   -1.57793e+03   -3.29398e+05    1.01218e+04
 Position Rest.      Potential    Kinetic En.   Total Energy  Conserved En.
    4.01751e+03   -5.96894e+04    1.98868e+04   -3.98026e+04    1.08874e+05
    Temperature Pres. DC (bar) Pressure (bar)   Constr. rmsd
    8.85913e+01   -2.63451e+01   -2.34699e+02    2.73040e-06

           Step           Time
          41500       83.00000

   Energies (kJ/mol)
           Bond          Angle    Proper Dih.  Improper Dih.          LJ-14
    2.05587e+04    5.46977e+04    4.99859e+04    4.76994e+03    1.49556e+04
     Coulomb-14        LJ (SR)  Disper. corr.   Coulomb (SR)   Coul. recip.
    1.97783e+05   -1.24465e+04   -1.57793e+03   -3.27939e+05    1.06463e+04
 Position Rest.      Potential    Kinetic En.   Total Energy  Conserved En.
    1.25439e+04    2.39775e+04    1.11663e+05    1.35641e+05    1.12323e+05
    Temperature Pres. DC (bar) Pressure (bar)   Constr. rmsd
    4.97435e+02   -2.63451e+01   -1.41358e+02    9.93791e-06

           Step           Time
          42000       84.00000

   Energies (kJ/mol)
           Bond          Angle    Proper Dih.  Improper Dih.          LJ-14
    5.21145e+03    1.20717e+04    4.19225e+04    1.11136e+03    1.22679e+04
     Coulomb-14        LJ (SR)  Disper. corr.   Coulomb (SR)   Coul. recip.
    1.98543e+05   -1.42536e+04   -1.57793e+03   -3.29201e+05    1.01710e+04
 Position Rest.      Potential    Kinetic En.   Total Energy  Conserved En.
    3.93839e+03   -5.97953e+04    1.98177e+04   -3.99776e+04    1.13669e+05
    Temperature Pres. DC (bar) Pressure (bar)   Constr. rmsd
    8.82835e+01   -2.63451e+01   -2.07022e+02    2.70796e-06

           Step           Time
          42500       85.00000

   Energies (kJ/mol)
           Bond          Angle    Proper Dih.  Improper Dih.          LJ-14
    2.03454e+04    5.56916e+04    5.00347e+04    4.66882e+03    1.51122e+04
     Coulomb-14        LJ (SR)  Disper. corr.   Coulomb (SR)   Coul. recip.
    1.98127e+05   -1.24822e+04   -1.57793e+03   -3.28760e+05    1.05039e+04
 Position Rest.      Potential    Kinetic En.   Total Energy  Conserved En.
    1.28723e+04    2.45359e+04    1.10120e+05    1.34656e+05    1.17849e+05
    Temperature Pres. DC (bar) Pressure (bar)   Constr. rmsd
    4.90562e+02   -2.63451e+01   -1.03858e+02    1.31901e-05

           Step           Time
          43000       86.00000

   Energies (kJ/mol)
           Bond          Angle    Proper Dih.  Improper Dih.          LJ-14
    5.21989e+03    1.19737e+04    4.19659e+04    1.15480e+03    1.22845e+04
     Coulomb-14        LJ (SR)  Disper. corr.   Coulomb (SR)   Coul. recip.
    1.98661e+05   -1.42490e+04   -1.57793e+03   -3.29230e+05    1.01410e+04
 Position Rest.      Potential    Kinetic En.   Total Energy  Conserved En.
    3.91550e+03   -5.97407e+04    1.98647e+04   -3.98760e+04    1.18525e+05
    Temperature Pres. DC (bar) Pressure (bar)   Constr. rmsd
    8.84927e+01   -2.63451e+01   -2.67681e+02    2.72462e-06

           Step           Time
          43500       87.00000

   Energies (kJ/mol)
           Bond          Angle    Proper Dih.  Improper Dih.          LJ-14
    2.01268e+04    5.49294e+04    4.98025e+04    4.53472e+03    1.49548e+04
     Coulomb-14        LJ (SR)  Disper. corr.   Coulomb (SR)   Coul. recip.
    1.98284e+05   -1.25222e+04   -1.57793e+03   -3.28164e+05    1.06142e+04
 Position Rest.      Potential    Kinetic En.   Total Energy  Conserved En.
    1.22415e+04    2.32243e+04    1.08600e+05    1.31824e+05    1.23245e+05
    Temperature Pres. DC (bar) Pressure (bar)   Constr. rmsd
    4.83788e+02   -2.63451e+01   -2.48187e+02    1.10309e-05

           Step           Time
          44000       88.00000

   Energies (kJ/mol)
           Bond          Angle    Proper Dih.  Improper Dih.          LJ-14
    5.21837e+03    1.21715e+04    4.19881e+04    1.12726e+03    1.23733e+04
     Coulomb-14        LJ (SR)  Disper. corr.   Coulomb (SR)   Coul. recip.
    1.98770e+05   -1.41608e+04   -1.57793e+03   -3.29510e+05    1.01262e+04
 Position Rest.      Potential    Kinetic En.   Total Energy  Conserved En.
    3.99287e+03   -5.94816e+04    1.99015e+04   -3.95801e+04    1.23525e+05
    Temperature Pres. DC (bar) Pressure (bar)   Constr. rmsd
    8.86568e+01   -2.63451e+01   -2.31287e+02    2.70604e-06

           Step           Time
          44500       89.00000

   Energies (kJ/mol)
           Bond          Angle    Proper Dih.  Improper Dih.          LJ-14
    1.92940e+04    5.37192e+04    4.90347e+04    4.26304e+03    1.50257e+04
     Coulomb-14        LJ (SR)  Disper. corr.   Coulomb (SR)   Coul. recip.
    1.97857e+05   -1.25515e+04   -1.57793e+03   -3.28476e+05    1.05497e+04
 Position Rest.      Potential    Kinetic En.   Total Energy  Conserved En.
    1.23833e+04    1.95211e+04    1.07869e+05    1.27390e+05    1.28499e+05
    Temperature Pres. DC (bar) Pressure (bar)   Constr. rmsd
    4.80534e+02   -2.63451e+01   -1.03645e+02    1.13093e-05

           Step           Time
          45000       90.00000

   Energies (kJ/mol)
           Bond          Angle    Proper Dih.  Improper Dih.          LJ-14
    5.23856e+03    1.23449e+04    4.20737e+04    1.22205e+03    1.23022e+04
     Coulomb-14        LJ (SR)  Disper. corr.   Coulomb (SR)   Coul. recip.
    1.98628e+05   -1.42088e+04   -1.57793e+03   -3.29518e+05    1.01203e+04
 Position Rest.      Potential    Kinetic En.   Total Energy  Conserved En.
    4.02317e+03   -5.93519e+04    1.99030e+04   -3.94490e+04    1.29422e+05
    Temperature Pres. DC (bar) Pressure (bar)   Constr. rmsd
    8.86633e+01   -2.63451e+01   -3.08382e+02    2.80318e-06

           Step           Time
          45500       91.00000

   Energies (kJ/mol)
           Bond          Angle    Proper Dih.  Improper Dih.          LJ-14
    1.88193e+04    5.33495e+04    4.94738e+04    4.45451e+03    1.48622e+04
     Coulomb-14        LJ (SR)  Disper. corr.   Coulomb (SR)   Coul. recip.
    1.97925e+05   -1.27786e+04   -1.57793e+03   -3.28090e+05    1.05026e+04
 Position Rest.      Potential    Kinetic En.   Total Energy  Conserved En.
    1.16767e+04    1.86171e+04    1.05053e+05    1.23670e+05    1.34799e+05
    Temperature Pres. DC (bar) Pressure (bar)   Constr. rmsd
    4.67989e+02   -2.63451e+01   -1.82521e+02    1.84730e-05

           Step           Time
          46000       92.00000

   Energies (kJ/mol)
           Bond          Angle    Proper Dih.  Improper Dih.          LJ-14
    5.46536e+03    1.22675e+04    4.20580e+04    1.16628e+03    1.23920e+04
     Coulomb-14        LJ (SR)  Disper. corr.   Coulomb (SR)   Coul. recip.
    1.98879e+05   -1.42313e+04   -1.57793e+03   -3.29601e+05    1.01618e+04
 Position Rest.      Potential    Kinetic En.   Total Energy  Conserved En.
    4.00580e+03   -5.90142e+04    2.02340e+04   -3.87802e+04    1.34263e+05
    Temperature Pres. DC (bar) Pressure (bar)   Constr. rmsd
    9.01378e+01   -2.63451e+01   -2.22069e+02    2.80114e-06

           Step           Time
          46500       93.00000

   Energies (kJ/mol)
           Bond          Angle    Proper Dih.  Improper Dih.          LJ-14
    1.80791e+04    5.18144e+04    4.93193e+04    4.29304e+03    1.47334e+04
     Coulomb-14        LJ (SR)  Disper. corr.   Coulomb (SR)   Coul. recip.
    1.98454e+05   -1.25721e+04   -1.57793e+03   -3.28770e+05    1.04825e+04
 Position Rest.      Potential    Kinetic En.   Total Energy  Conserved En.
    1.13359e+04    1.55919e+04    1.02310e+05    1.17901e+05    1.39868e+05
    Temperature Pres. DC (bar) Pressure (bar)   Constr. rmsd
    4.55767e+02   -2.63451e+01   -1.98435e+02    1.05391e-05

           Step           Time
          47000       94.00000

   Energies (kJ/mol)
           Bond          Angle    Proper Dih.  Improper Dih.          LJ-14
    5.24778e+03    1.26101e+04    4.20050e+04    1.12263e+03    1.24159e+04
     Coulomb-14        LJ (SR)  Disper. corr.   Coulomb (SR)   Coul. recip.
    1.98692e+05   -1.41594e+04   -1.57793e+03   -3.29397e+05    1.01272e+04
 Position Rest.      Potential    Kinetic En.   Total Energy  Conserved En.
    3.98562e+03   -5.89282e+04    2.05384e+04   -3.83898e+04    1.40187e+05
    Temperature Pres. DC (bar) Pressure (bar)   Constr. rmsd
    9.14940e+01   -2.63451e+01   -2.20159e+02    2.74691e-06

           Step           Time
          47500       95.00000

   Energies (kJ/mol)
           Bond          Angle    Proper Dih.  Improper Dih.          LJ-14
    1.75776e+04    4.97791e+04    4.88218e+04    4.17866e+03    1.47242e+04
     Coulomb-14        LJ (SR)  Disper. corr.   Coulomb (SR)   Coul. recip.
    1.98118e+05   -1.28070e+04   -1.57793e+03   -3.28463e+05    1.04859e+04
 Position Rest.      Potential    Kinetic En.   Total Energy  Conserved En.
    1.12146e+04    1.20525e+04    9.91518e+04    1.11204e+05    1.46260e+05
    Temperature Pres. DC (bar) Pressure (bar)   Constr. rmsd
    4.41699e+02   -2.63451e+01   -2.93025e+01    1.19321e-05

